C51 COMPILER V9.60.7.0   GPIO                                                              12/19/2023 11:49:39 PAGE 1   


C51 COMPILER V9.60.7.0, COMPILATION OF MODULE GPIO
OBJECT MODULE PLACED IN .\build\Target 1\System\gpio.o
COMPILER INVOKED BY: C:\Keil_v5\C51\BIN\C51.exe .\SYSTEM\GPIO.C OMF2 TABS(4) CODE NOCOND SYMBOLS PRINT(.\build\Target 1\
                    -System\gpio.lst) INCDIR(../../../../../../../Keil_v5/C51/INC/Atmel;User;System;../../../../../../../Keil_v5/C51/INC) DEF
                    -INE(__UVISION_VERSION=526) OPTIMIZE(8,SPEED) LARGE ROM(LARGE) OBJECT(.\build\Target 1\System\gpio.o)

line level    source

   1          #include "global.h"                  // Device heade
   2          
   3          
   4          /*************  功能说明    **************
   5          
   6          本文件为STC15xxx系列的端口初始化程序,用户几乎可以不修改这个程序.
   7          
   8          
   9          ******************************************/
  10          
  11          
  12          
  13          //========================================================================
  14          // 函数: uint8t GPIO_Init(uint8t GPIO, GPIO_InitTypeDef *GPIOx)
  15          // 描述: 初始化IO口.
  16          // 参数: GPIOx: 结构参数,请参考timer.h里的定义.
  17          // 返回: 成功返回0, 空操作返回1,错误返回2.
  18          // 版本: V1.0, 2012-10-22
  19          //========================================================================
  20          int GPIO_Init(unsigned char GPIO, GPIO_InitTypeDef *GPIOx)
  21          {
  22   1          if(GPIO > GPIO_P5)              return 1;   //空操作
  23   1          if(GPIOx->GPIO_Mode > GPIO_OUT_PP)  return 2;   //错误
  24   1          if(GPIO == GPIO_P0)
  25   1          {
  26   2              if(GPIOx->GPIO_Mode == GPIO_PullUp)     P0M1 &= ~GPIOx->GPIO_Pin,   P0M0 &= ~GPIOx->GPIO_Pin;    //上拉准双向口
  27   2              if(GPIOx->GPIO_Mode == GPIO_HighZ)      P0M1 |=  GPIOx->GPIO_Pin,   P0M0 &= ~GPIOx->GPIO_Pin;    //浮空输入
  28   2              if(GPIOx->GPIO_Mode == GPIO_OUT_OD)     P0M1 |=  GPIOx->GPIO_Pin,   P0M0 |=  GPIOx->GPIO_Pin;    //开漏输出
  29   2              if(GPIOx->GPIO_Mode == GPIO_OUT_PP)     P0M1 &= ~GPIOx->GPIO_Pin,   P0M0 |=  GPIOx->GPIO_Pin;    //推挽输出
  30   2          }
  31   1          if(GPIO == GPIO_P1)
  32   1          {
  33   2              if(GPIOx->GPIO_Mode == GPIO_PullUp)     P1M1 &= ~GPIOx->GPIO_Pin,   P1M0 &= ~GPIOx->GPIO_Pin;    //上拉准双向口
  34   2              if(GPIOx->GPIO_Mode == GPIO_HighZ)      P1M1 |=  GPIOx->GPIO_Pin,   P1M0 &= ~GPIOx->GPIO_Pin;    //浮空输入
  35   2              if(GPIOx->GPIO_Mode == GPIO_OUT_OD)     P1M1 |=  GPIOx->GPIO_Pin,   P1M0 |=  GPIOx->GPIO_Pin;    //开漏输出
  36   2              if(GPIOx->GPIO_Mode == GPIO_OUT_PP)     P1M1 &= ~GPIOx->GPIO_Pin,   P1M0 |=  GPIOx->GPIO_Pin;    //推挽输出
  37   2          }
  38   1          if(GPIO == GPIO_P2)
  39   1          {
  40   2              if(GPIOx->GPIO_Mode == GPIO_PullUp)     P2M1 &= ~GPIOx->GPIO_Pin,   P2M0 &= ~GPIOx->GPIO_Pin;    //上拉准双向口
  41   2              if(GPIOx->GPIO_Mode == GPIO_HighZ)      P2M1 |=  GPIOx->GPIO_Pin,   P2M0 &= ~GPIOx->GPIO_Pin;    //浮空输入
  42   2              if(GPIOx->GPIO_Mode == GPIO_OUT_OD)     P2M1 |=  GPIOx->GPIO_Pin,   P2M0 |=  GPIOx->GPIO_Pin;    //开漏输出
  43   2              if(GPIOx->GPIO_Mode == GPIO_OUT_PP)     P2M1 &= ~GPIOx->GPIO_Pin,   P2M0 |=  GPIOx->GPIO_Pin;    //推挽输出
  44   2          }
  45   1          if(GPIO == GPIO_P3)
  46   1          {
  47   2              if(GPIOx->GPIO_Mode == GPIO_PullUp)     P3M1 &= ~GPIOx->GPIO_Pin,   P3M0 &= ~GPIOx->GPIO_Pin;    //上拉准双向口
  48   2              if(GPIOx->GPIO_Mode == GPIO_HighZ)      P3M1 |=  GPIOx->GPIO_Pin,   P3M0 &= ~GPIOx->GPIO_Pin;    //浮空输入
  49   2              if(GPIOx->GPIO_Mode == GPIO_OUT_OD)     P3M1 |=  GPIOx->GPIO_Pin,   P3M0 |=  GPIOx->GPIO_Pin;    //开漏输出
  50   2              if(GPIOx->GPIO_Mode == GPIO_OUT_PP)     P3M1 &= ~GPIOx->GPIO_Pin,   P3M0 |=  GPIOx->GPIO_Pin;    //推挽输出
  51   2          }
  52   1          if(GPIO == GPIO_P4)
  53   1          {
C51 COMPILER V9.60.7.0   GPIO                                                              12/19/2023 11:49:39 PAGE 2   

  54   2              if(GPIOx->GPIO_Mode == GPIO_PullUp)     P4M1 &= ~GPIOx->GPIO_Pin,   P4M0 &= ~GPIOx->GPIO_Pin;    //上拉准双向口
  55   2              if(GPIOx->GPIO_Mode == GPIO_HighZ)      P4M1 |=  GPIOx->GPIO_Pin,   P4M0 &= ~GPIOx->GPIO_Pin;    //浮空输入
  56   2              if(GPIOx->GPIO_Mode == GPIO_OUT_OD)     P4M1 |=  GPIOx->GPIO_Pin,   P4M0 |=  GPIOx->GPIO_Pin;    //开漏输出
  57   2              if(GPIOx->GPIO_Mode == GPIO_OUT_PP)     P4M1 &= ~GPIOx->GPIO_Pin,   P4M0 |=  GPIOx->GPIO_Pin;    //推挽输出
  58   2          }
  59   1          if(GPIO == GPIO_P5)
  60   1          {
  61   2              if(GPIOx->GPIO_Mode == GPIO_PullUp)     P5M1 &= ~GPIOx->GPIO_Pin,   P5M0 &= ~GPIOx->GPIO_Pin;    //上拉准双向口
  62   2              if(GPIOx->GPIO_Mode == GPIO_HighZ)      P5M1 |=  GPIOx->GPIO_Pin,   P5M0 &= ~GPIOx->GPIO_Pin;    //浮空输入
  63   2              if(GPIOx->GPIO_Mode == GPIO_OUT_OD)     P5M1 |=  GPIOx->GPIO_Pin,   P5M0 |=  GPIOx->GPIO_Pin;    //开漏输出
  64   2              if(GPIOx->GPIO_Mode == GPIO_OUT_PP)     P5M1 &= ~GPIOx->GPIO_Pin,   P5M0 |=  GPIOx->GPIO_Pin;    //推挽输出
  65   2          }
  66   1          return 0;   //成功
  67   1      }
  68          
  69          
  70          void GPIO_SetBits(unsigned char GPIOx, unsigned char GPIO_Pin)
  71          {  
  72   1        
  73   1          if(GPIOx == GPIO_P0) {
  74   2              P0 |= GPIO_Pin;
  75   2          }
  76   1          if(GPIOx == GPIO_P1) {
  77   2              P1 |=  GPIO_Pin;
  78   2          }
  79   1          if(GPIOx == GPIO_P2) {
  80   2              P2 |=  GPIO_Pin;
  81   2          }
  82   1          if(GPIOx == GPIO_P3) {
  83   2              P3 |=  GPIO_Pin;
  84   2          }
  85   1          if(GPIOx == GPIO_P4) {
  86   2              P4 |=  GPIO_Pin;
  87   2          }
  88   1          if(GPIOx == GPIO_P5) {
  89   2              P5 |=  GPIO_Pin;
  90   2          }
  91   1      }
  92          
  93          
  94          void GPIO_ResetBits(unsigned char GPIOx, unsigned char GPIO_Pin)
  95          {
  96   1          if(GPIOx == GPIO_P0) {
  97   2              P0 &= ~GPIO_Pin;
  98   2          }
  99   1          if(GPIOx == GPIO_P1) {
 100   2              P1 &= ~GPIO_Pin;
 101   2          }
 102   1          if(GPIOx == GPIO_P2) {
 103   2              P2 &= ~GPIO_Pin;
 104   2          }
 105   1          if(GPIOx == GPIO_P3) {
 106   2              P3 &= ~GPIO_Pin;
 107   2          }
 108   1          if(GPIOx == GPIO_P4) {
 109   2              P4 &= ~GPIO_Pin;
 110   2          }
 111   1          if(GPIOx == GPIO_P5) {
 112   2              P5 &= ~GPIO_Pin;
 113   2          }
 114   1      }
 115          
C51 COMPILER V9.60.7.0   GPIO                                                              12/19/2023 11:49:39 PAGE 3   

 116          bit GPIO_ReadInputDataBit(uint8_t GPIOx, uint8_t GPIO_Pin) {
 117   1          uint8_t _IO_image_ = 0xff;
 118   1          if(GPIOx == GPIO_P0) {
 119   2              _IO_image_ = P0;
 120   2              _IO_image_ &= GPIO_Pin;
 121   2              return _IO_image_;
 122   2          }
 123   1          if(GPIOx == GPIO_P1) {
 124   2              _IO_image_ = P1;
 125   2              _IO_image_ &= GPIO_Pin;
 126   2              return _IO_image_;
 127   2          }
 128   1          if(GPIOx == GPIO_P2) {
 129   2              _IO_image_ = P2;
 130   2              _IO_image_ &= GPIO_Pin;
 131   2              return _IO_image_;
 132   2          }
 133   1          if(GPIOx == GPIO_P3) {
 134   2              _IO_image_ = P3;
 135   2              _IO_image_ &= GPIO_Pin;
 136   2              return _IO_image_;
 137   2          }
 138   1          if(GPIOx == GPIO_P4) {
 139   2              _IO_image_ = P4;
 140   2              _IO_image_ &= GPIO_Pin;
 141   2              return _IO_image_;
 142   2          }
 143   1          if(GPIOx == GPIO_P5) {
 144   2              _IO_image_ = P5;
 145   2              _IO_image_ &= GPIO_Pin;
 146   2              return _IO_image_;
 147   2          }
 148   1          return 0;
 149   1      }
C51 COMPILER V9.60.7.0   GPIO                                                              12/19/2023 11:49:39 PAGE 4   

ASSEMBLY LISTING OF GENERATED OBJECT CODE


             ; FUNCTION _GPIO_Init (BEGIN)
                                           ; SOURCE LINE # 20
;---- Variable 'GPIOx' assigned to Register 'R1/R2/R3' ----
;---- Variable 'GPIO' assigned to Register 'R7' ----
                                           ; SOURCE LINE # 21
                                           ; SOURCE LINE # 22
0000 EF                MOV     A,R7
0001 D3                SETB    C
0002 9405              SUBB    A,#05H
0004 4005              JC      ?C0001
0006 7E00              MOV     R6,#00H
0008 7F01              MOV     R7,#01H
000A 22                RET     
000B         ?C0001:
                                           ; SOURCE LINE # 23
000B 120000      E     LCALL   ?C?CLDPTR
000E FD                MOV     R5,A
000F D3                SETB    C
0010 9403              SUBB    A,#03H
0012 4005              JC      ?C0003
0014 7E00              MOV     R6,#00H
0016 7F02              MOV     R7,#02H
0018 22                RET     
0019         ?C0003:
                                           ; SOURCE LINE # 24
0019 EF                MOV     A,R7
001A 7041              JNZ     ?C0004
                                           ; SOURCE LINE # 25
                                           ; SOURCE LINE # 26
001C ED                MOV     A,R5
001D 700B              JNZ     ?C0005
001F 900001            MOV     DPTR,#01H
0022 120000      E     LCALL   ?C?CLDOPTR
0025 F4                CPL     A
0026 5293              ANL     P0M1,A
0028 5294              ANL     P0M0,A
002A         ?C0005:
                                           ; SOURCE LINE # 27
002A 120000      E     LCALL   ?C?CLDPTR
002D B4010B            CJNE    A,#01H,?C0006
0030 900001            MOV     DPTR,#01H
0033 120000      E     LCALL   ?C?CLDOPTR
0036 4293              ORL     P0M1,A
0038 F4                CPL     A
0039 5294              ANL     P0M0,A
003B         ?C0006:
                                           ; SOURCE LINE # 28
003B 120000      E     LCALL   ?C?CLDPTR
003E FE                MOV     R6,A
003F B4020A            CJNE    A,#02H,?C0007
0042 900001            MOV     DPTR,#01H
0045 120000      E     LCALL   ?C?CLDOPTR
0048 4293              ORL     P0M1,A
004A 4294              ORL     P0M0,A
004C         ?C0007:
                                           ; SOURCE LINE # 29
004C EE                MOV     A,R6
004D B4030D            CJNE    A,#03H,?C0004
0050 900001            MOV     DPTR,#01H
C51 COMPILER V9.60.7.0   GPIO                                                              12/19/2023 11:49:39 PAGE 5   

0053 120000      E     LCALL   ?C?CLDOPTR
0056 FE                MOV     R6,A
0057 F4                CPL     A
0058 5293              ANL     P0M1,A
005A EE                MOV     A,R6
005B 4294              ORL     P0M0,A
                                           ; SOURCE LINE # 30
005D         ?C0004:
                                           ; SOURCE LINE # 31
005D EF                MOV     A,R7
005E 6401              XRL     A,#01H
0060 7043              JNZ     ?C0009
                                           ; SOURCE LINE # 32
                                           ; SOURCE LINE # 33
0062 120000      E     LCALL   ?C?CLDPTR
0065 FE                MOV     R6,A
0066 700B              JNZ     ?C0010
0068 900001            MOV     DPTR,#01H
006B 120000      E     LCALL   ?C?CLDOPTR
006E F4                CPL     A
006F 5291              ANL     P1M1,A
0071 5292              ANL     P1M0,A
0073         ?C0010:
                                           ; SOURCE LINE # 34
0073 EE                MOV     A,R6
0074 B4010B            CJNE    A,#01H,?C0011
0077 900001            MOV     DPTR,#01H
007A 120000      E     LCALL   ?C?CLDOPTR
007D 4291              ORL     P1M1,A
007F F4                CPL     A
0080 5292              ANL     P1M0,A
0082         ?C0011:
                                           ; SOURCE LINE # 35
0082 120000      E     LCALL   ?C?CLDPTR
0085 B4020A            CJNE    A,#02H,?C0012
0088 900001            MOV     DPTR,#01H
008B 120000      E     LCALL   ?C?CLDOPTR
008E 4291              ORL     P1M1,A
0090 4292              ORL     P1M0,A
0092         ?C0012:
                                           ; SOURCE LINE # 36
0092 120000      E     LCALL   ?C?CLDPTR
0095 B4030D            CJNE    A,#03H,?C0009
0098 900001            MOV     DPTR,#01H
009B 120000      E     LCALL   ?C?CLDOPTR
009E FE                MOV     R6,A
009F F4                CPL     A
00A0 5291              ANL     P1M1,A
00A2 EE                MOV     A,R6
00A3 4292              ORL     P1M0,A
                                           ; SOURCE LINE # 37
00A5         ?C0009:
                                           ; SOURCE LINE # 38
00A5 EF                MOV     A,R7
00A6 6402              XRL     A,#02H
00A8 7043              JNZ     ?C0014
                                           ; SOURCE LINE # 39
                                           ; SOURCE LINE # 40
00AA 120000      E     LCALL   ?C?CLDPTR
00AD FE                MOV     R6,A
00AE 700B              JNZ     ?C0015
00B0 900001            MOV     DPTR,#01H
C51 COMPILER V9.60.7.0   GPIO                                                              12/19/2023 11:49:39 PAGE 6   

00B3 120000      E     LCALL   ?C?CLDOPTR
00B6 F4                CPL     A
00B7 5295              ANL     P2M1,A
00B9 5296              ANL     P2M0,A
00BB         ?C0015:
                                           ; SOURCE LINE # 41
00BB EE                MOV     A,R6
00BC B4010B            CJNE    A,#01H,?C0016
00BF 900001            MOV     DPTR,#01H
00C2 120000      E     LCALL   ?C?CLDOPTR
00C5 4295              ORL     P2M1,A
00C7 F4                CPL     A
00C8 5296              ANL     P2M0,A
00CA         ?C0016:
                                           ; SOURCE LINE # 42
00CA 120000      E     LCALL   ?C?CLDPTR
00CD B4020A            CJNE    A,#02H,?C0017
00D0 900001            MOV     DPTR,#01H
00D3 120000      E     LCALL   ?C?CLDOPTR
00D6 4295              ORL     P2M1,A
00D8 4296              ORL     P2M0,A
00DA         ?C0017:
                                           ; SOURCE LINE # 43
00DA 120000      E     LCALL   ?C?CLDPTR
00DD B4030D            CJNE    A,#03H,?C0014
00E0 900001            MOV     DPTR,#01H
00E3 120000      E     LCALL   ?C?CLDOPTR
00E6 FE                MOV     R6,A
00E7 F4                CPL     A
00E8 5295              ANL     P2M1,A
00EA EE                MOV     A,R6
00EB 4296              ORL     P2M0,A
                                           ; SOURCE LINE # 44
00ED         ?C0014:
                                           ; SOURCE LINE # 45
00ED EF                MOV     A,R7
00EE 6403              XRL     A,#03H
00F0 7043              JNZ     ?C0019
                                           ; SOURCE LINE # 46
                                           ; SOURCE LINE # 47
00F2 120000      E     LCALL   ?C?CLDPTR
00F5 FE                MOV     R6,A
00F6 700B              JNZ     ?C0020
00F8 900001            MOV     DPTR,#01H
00FB 120000      E     LCALL   ?C?CLDOPTR
00FE F4                CPL     A
00FF 52B1              ANL     P3M1,A
0101 52B2              ANL     P3M0,A
0103         ?C0020:
                                           ; SOURCE LINE # 48
0103 EE                MOV     A,R6
0104 B4010B            CJNE    A,#01H,?C0021
0107 900001            MOV     DPTR,#01H
010A 120000      E     LCALL   ?C?CLDOPTR
010D 42B1              ORL     P3M1,A
010F F4                CPL     A
0110 52B2              ANL     P3M0,A
0112         ?C0021:
                                           ; SOURCE LINE # 49
0112 120000      E     LCALL   ?C?CLDPTR
0115 B4020A            CJNE    A,#02H,?C0022
0118 900001            MOV     DPTR,#01H
C51 COMPILER V9.60.7.0   GPIO                                                              12/19/2023 11:49:39 PAGE 7   

011B 120000      E     LCALL   ?C?CLDOPTR
011E 42B1              ORL     P3M1,A
0120 42B2              ORL     P3M0,A
0122         ?C0022:
                                           ; SOURCE LINE # 50
0122 120000      E     LCALL   ?C?CLDPTR
0125 B4030D            CJNE    A,#03H,?C0019
0128 900001            MOV     DPTR,#01H
012B 120000      E     LCALL   ?C?CLDOPTR
012E FE                MOV     R6,A
012F F4                CPL     A
0130 52B1              ANL     P3M1,A
0132 EE                MOV     A,R6
0133 42B2              ORL     P3M0,A
                                           ; SOURCE LINE # 51
0135         ?C0019:
                                           ; SOURCE LINE # 52
0135 EF                MOV     A,R7
0136 6404              XRL     A,#04H
0138 7043              JNZ     ?C0024
                                           ; SOURCE LINE # 53
                                           ; SOURCE LINE # 54
013A 120000      E     LCALL   ?C?CLDPTR
013D FE                MOV     R6,A
013E 700B              JNZ     ?C0025
0140 900001            MOV     DPTR,#01H
0143 120000      E     LCALL   ?C?CLDOPTR
0146 F4                CPL     A
0147 52B3              ANL     P4M1,A
0149 52B4              ANL     P4M0,A
014B         ?C0025:
                                           ; SOURCE LINE # 55
014B EE                MOV     A,R6
014C B4010B            CJNE    A,#01H,?C0026
014F 900001            MOV     DPTR,#01H
0152 120000      E     LCALL   ?C?CLDOPTR
0155 42B3              ORL     P4M1,A
0157 F4                CPL     A
0158 52B4              ANL     P4M0,A
015A         ?C0026:
                                           ; SOURCE LINE # 56
015A 120000      E     LCALL   ?C?CLDPTR
015D B4020A            CJNE    A,#02H,?C0027
0160 900001            MOV     DPTR,#01H
0163 120000      E     LCALL   ?C?CLDOPTR
0166 42B3              ORL     P4M1,A
0168 42B4              ORL     P4M0,A
016A         ?C0027:
                                           ; SOURCE LINE # 57
016A 120000      E     LCALL   ?C?CLDPTR
016D B4030D            CJNE    A,#03H,?C0024
0170 900001            MOV     DPTR,#01H
0173 120000      E     LCALL   ?C?CLDOPTR
0176 FE                MOV     R6,A
0177 F4                CPL     A
0178 52B3              ANL     P4M1,A
017A EE                MOV     A,R6
017B 42B4              ORL     P4M0,A
                                           ; SOURCE LINE # 58
017D         ?C0024:
                                           ; SOURCE LINE # 59
017D EF                MOV     A,R7
C51 COMPILER V9.60.7.0   GPIO                                                              12/19/2023 11:49:39 PAGE 8   

017E 6405              XRL     A,#05H
0180 7043              JNZ     ?C0029
                                           ; SOURCE LINE # 60
                                           ; SOURCE LINE # 61
0182 120000      E     LCALL   ?C?CLDPTR
0185 FF                MOV     R7,A
0186 700B              JNZ     ?C0030
0188 900001            MOV     DPTR,#01H
018B 120000      E     LCALL   ?C?CLDOPTR
018E F4                CPL     A
018F 52C9              ANL     P5M1,A
0191 52CA              ANL     P5M0,A
0193         ?C0030:
                                           ; SOURCE LINE # 62
0193 EF                MOV     A,R7
0194 B4010B            CJNE    A,#01H,?C0031
0197 900001            MOV     DPTR,#01H
019A 120000      E     LCALL   ?C?CLDOPTR
019D 42C9              ORL     P5M1,A
019F F4                CPL     A
01A0 52CA              ANL     P5M0,A
01A2         ?C0031:
                                           ; SOURCE LINE # 63
01A2 120000      E     LCALL   ?C?CLDPTR
01A5 B4020A            CJNE    A,#02H,?C0032
01A8 900001            MOV     DPTR,#01H
01AB 120000      E     LCALL   ?C?CLDOPTR
01AE 42C9              ORL     P5M1,A
01B0 42CA              ORL     P5M0,A
01B2         ?C0032:
                                           ; SOURCE LINE # 64
01B2 120000      E     LCALL   ?C?CLDPTR
01B5 B4030D            CJNE    A,#03H,?C0029
01B8 900001            MOV     DPTR,#01H
01BB 120000      E     LCALL   ?C?CLDOPTR
01BE FF                MOV     R7,A
01BF F4                CPL     A
01C0 52C9              ANL     P5M1,A
01C2 EF                MOV     A,R7
01C3 42CA              ORL     P5M0,A
                                           ; SOURCE LINE # 65
01C5         ?C0029:
                                           ; SOURCE LINE # 66
01C5 E4                CLR     A
01C6 FE                MOV     R6,A
01C7 FF                MOV     R7,A
                                           ; SOURCE LINE # 67
01C8         ?C0002:
01C8 22                RET     
             ; FUNCTION _GPIO_Init (END)

             ; FUNCTION _GPIO_SetBits (BEGIN)
                                           ; SOURCE LINE # 70
;---- Variable 'GPIO_Pin' assigned to Register 'R5' ----
;---- Variable 'GPIOx' assigned to Register 'R7' ----
                                           ; SOURCE LINE # 71
                                           ; SOURCE LINE # 73
0000 EF                MOV     A,R7
0001 7003              JNZ     ?C0034
                                           ; SOURCE LINE # 74
0003 ED                MOV     A,R5
0004 4280              ORL     P0,A
C51 COMPILER V9.60.7.0   GPIO                                                              12/19/2023 11:49:39 PAGE 9   

                                           ; SOURCE LINE # 75
0006         ?C0034:
                                           ; SOURCE LINE # 76
0006 EF                MOV     A,R7
0007 B40103            CJNE    A,#01H,?C0035
                                           ; SOURCE LINE # 77
000A ED                MOV     A,R5
000B 4290              ORL     P1,A
                                           ; SOURCE LINE # 78
000D         ?C0035:
                                           ; SOURCE LINE # 79
000D EF                MOV     A,R7
000E B40203            CJNE    A,#02H,?C0036
                                           ; SOURCE LINE # 80
0011 ED                MOV     A,R5
0012 42A0              ORL     P2,A
                                           ; SOURCE LINE # 81
0014         ?C0036:
                                           ; SOURCE LINE # 82
0014 EF                MOV     A,R7
0015 B40303            CJNE    A,#03H,?C0037
                                           ; SOURCE LINE # 83
0018 ED                MOV     A,R5
0019 42B0              ORL     P3,A
                                           ; SOURCE LINE # 84
001B         ?C0037:
                                           ; SOURCE LINE # 85
001B EF                MOV     A,R7
001C B40403            CJNE    A,#04H,?C0038
                                           ; SOURCE LINE # 86
001F ED                MOV     A,R5
0020 42C0              ORL     P4,A
                                           ; SOURCE LINE # 87
0022         ?C0038:
                                           ; SOURCE LINE # 88
0022 EF                MOV     A,R7
0023 B40503            CJNE    A,#05H,?C0040
                                           ; SOURCE LINE # 89
0026 ED                MOV     A,R5
0027 42C8              ORL     P5,A
                                           ; SOURCE LINE # 90
                                           ; SOURCE LINE # 91
0029         ?C0040:
0029 22                RET     
             ; FUNCTION _GPIO_SetBits (END)

             ; FUNCTION _GPIO_ResetBits (BEGIN)
                                           ; SOURCE LINE # 94
;---- Variable 'GPIO_Pin' assigned to Register 'R5' ----
;---- Variable 'GPIOx' assigned to Register 'R7' ----
                                           ; SOURCE LINE # 95
                                           ; SOURCE LINE # 96
0000 EF                MOV     A,R7
0001 7004              JNZ     ?C0041
                                           ; SOURCE LINE # 97
0003 ED                MOV     A,R5
0004 F4                CPL     A
0005 5280              ANL     P0,A
                                           ; SOURCE LINE # 98
0007         ?C0041:
                                           ; SOURCE LINE # 99
0007 EF                MOV     A,R7
C51 COMPILER V9.60.7.0   GPIO                                                              12/19/2023 11:49:39 PAGE 10  

0008 B40104            CJNE    A,#01H,?C0042
                                           ; SOURCE LINE # 100
000B ED                MOV     A,R5
000C F4                CPL     A
000D 5290              ANL     P1,A
                                           ; SOURCE LINE # 101
000F         ?C0042:
                                           ; SOURCE LINE # 102
000F EF                MOV     A,R7
0010 B40204            CJNE    A,#02H,?C0043
                                           ; SOURCE LINE # 103
0013 ED                MOV     A,R5
0014 F4                CPL     A
0015 52A0              ANL     P2,A
                                           ; SOURCE LINE # 104
0017         ?C0043:
                                           ; SOURCE LINE # 105
0017 EF                MOV     A,R7
0018 B40304            CJNE    A,#03H,?C0044
                                           ; SOURCE LINE # 106
001B ED                MOV     A,R5
001C F4                CPL     A
001D 52B0              ANL     P3,A
                                           ; SOURCE LINE # 107
001F         ?C0044:
                                           ; SOURCE LINE # 108
001F EF                MOV     A,R7
0020 B40404            CJNE    A,#04H,?C0045
                                           ; SOURCE LINE # 109
0023 ED                MOV     A,R5
0024 F4                CPL     A
0025 52C0              ANL     P4,A
                                           ; SOURCE LINE # 110
0027         ?C0045:
                                           ; SOURCE LINE # 111
0027 EF                MOV     A,R7
0028 B40504            CJNE    A,#05H,?C0047
                                           ; SOURCE LINE # 112
002B ED                MOV     A,R5
002C F4                CPL     A
002D 52C8              ANL     P5,A
                                           ; SOURCE LINE # 113
                                           ; SOURCE LINE # 114
002F         ?C0047:
002F 22                RET     
             ; FUNCTION _GPIO_ResetBits (END)

             ; FUNCTION _GPIO_ReadInputDataBit (BEGIN)
                                           ; SOURCE LINE # 116
;---- Variable 'GPIO_Pin' assigned to Register 'R5' ----
;---- Variable 'GPIOx' assigned to Register 'R7' ----
                                           ; SOURCE LINE # 117
;---- Variable '_IO_image_' assigned to Register 'R6' ----
                                           ; SOURCE LINE # 118
0000 EF                MOV     A,R7
0001 7004              JNZ     ?C0048
                                           ; SOURCE LINE # 119
0003 AE80              MOV     R6,P0
                                           ; SOURCE LINE # 120
                                           ; SOURCE LINE # 121
0005 8026              SJMP    ?C0059
                                           ; SOURCE LINE # 122
C51 COMPILER V9.60.7.0   GPIO                                                              12/19/2023 11:49:39 PAGE 11  

0007         ?C0048:
                                           ; SOURCE LINE # 123
0007 EF                MOV     A,R7
0008 B40104            CJNE    A,#01H,?C0050
                                           ; SOURCE LINE # 124
000B AE90              MOV     R6,P1
                                           ; SOURCE LINE # 125
000D         ?C0055:
                                           ; SOURCE LINE # 126
000D 801E              SJMP    ?C0059
                                           ; SOURCE LINE # 127
000F         ?C0050:
                                           ; SOURCE LINE # 128
000F EF                MOV     A,R7
0010 B40204            CJNE    A,#02H,?C0051
                                           ; SOURCE LINE # 129
0013 AEA0              MOV     R6,P2
                                           ; SOURCE LINE # 130
0015         ?C0056:
                                           ; SOURCE LINE # 131
0015 8016              SJMP    ?C0059
                                           ; SOURCE LINE # 132
0017         ?C0051:
                                           ; SOURCE LINE # 133
0017 EF                MOV     A,R7
0018 B40304            CJNE    A,#03H,?C0052
                                           ; SOURCE LINE # 134
001B AEB0              MOV     R6,P3
                                           ; SOURCE LINE # 135
001D         ?C0057:
                                           ; SOURCE LINE # 136
001D 800E              SJMP    ?C0059
                                           ; SOURCE LINE # 137
001F         ?C0052:
                                           ; SOURCE LINE # 138
001F EF                MOV     A,R7
0020 B40404            CJNE    A,#04H,?C0053
                                           ; SOURCE LINE # 139
0023 AEC0              MOV     R6,P4
                                           ; SOURCE LINE # 140
0025         ?C0058:
                                           ; SOURCE LINE # 141
0025 8006              SJMP    ?C0059
                                           ; SOURCE LINE # 142
0027         ?C0053:
                                           ; SOURCE LINE # 143
0027 EF                MOV     A,R7
0028 B40507            CJNE    A,#05H,?C0054
                                           ; SOURCE LINE # 144
002B AEC8              MOV     R6,P5
                                           ; SOURCE LINE # 145
002D         ?C0059:
002D EE                MOV     A,R6
002E 5D                ANL     A,R5
                                           ; SOURCE LINE # 146
002F 24FF              ADD     A,#0FFH
0031 22                RET     
                                           ; SOURCE LINE # 147
0032         ?C0054:
                                           ; SOURCE LINE # 148
0032 C3                CLR     C
                                           ; SOURCE LINE # 149
C51 COMPILER V9.60.7.0   GPIO                                                              12/19/2023 11:49:39 PAGE 12  

0033         ?C0049:
0033 22                RET     
             ; FUNCTION _GPIO_ReadInputDataBit (END)

C51 COMPILER V9.60.7.0   GPIO                                                              12/19/2023 11:49:39 PAGE 13  

NAME                                    CLASS   MSPACE  TYPE    OFFSET  SIZE
====                                    =====   ======  ====    ======  ====


uint16_t . . . . . . . . . . . . . . .  TYPEDEF  -----  U_INT    -----  2
CCF2 . . . . . . . . . . . . . . . . .  ABSBIT   -----  BIT      00DAH  1
P1M0 . . . . . . . . . . . . . . . . .  SFR      DATA   U_CHAR   0092H  1
P0M1 . . . . . . . . . . . . . . . . .  SFR      DATA   U_CHAR   0093H  1
P2M0 . . . . . . . . . . . . . . . . .  SFR      DATA   U_CHAR   0096H  1
P1M1 . . . . . . . . . . . . . . . . .  SFR      DATA   U_CHAR   0091H  1
P0 . . . . . . . . . . . . . . . . . .  SFR      DATA   U_CHAR   0080H  1
P3M0 . . . . . . . . . . . . . . . . .  SFR      DATA   U_CHAR   00B2H  1
P2M1 . . . . . . . . . . . . . . . . .  SFR      DATA   U_CHAR   0095H  1
P1 . . . . . . . . . . . . . . . . . .  SFR      DATA   U_CHAR   0090H  1
PCA_InitTypeDef. . . . . . . . . . . .  TYPEDEF  -----  STRUCT   -----  8
  PCA_IoUse. . . . . . . . . . . . . .  MEMBER   -----  U_CHAR   0000H  1
  PCA_Clock. . . . . . . . . . . . . .  MEMBER   -----  U_CHAR   0001H  1
  PCA_Mode . . . . . . . . . . . . . .  MEMBER   -----  U_CHAR   0002H  1
  PCA_PWM_Wide . . . . . . . . . . . .  MEMBER   -----  U_CHAR   0003H  1
  PCA_Interrupt_Mode . . . . . . . . .  MEMBER   -----  U_CHAR   0004H  1
  PCA_Polity . . . . . . . . . . . . .  MEMBER   -----  U_CHAR   0005H  1
  PCA_Value. . . . . . . . . . . . . .  MEMBER   -----  U_INT    0006H  2
P4M0 . . . . . . . . . . . . . . . . .  SFR      DATA   U_CHAR   00B4H  1
P3M1 . . . . . . . . . . . . . . . . .  SFR      DATA   U_CHAR   00B1H  1
P2 . . . . . . . . . . . . . . . . . .  SFR      DATA   U_CHAR   00A0H  1
WKTCH. . . . . . . . . . . . . . . . .  SFR      DATA   U_CHAR   00ABH  1
P5M0 . . . . . . . . . . . . . . . . .  SFR      DATA   U_CHAR   00CAH  1
P4M1 . . . . . . . . . . . . . . . . .  SFR      DATA   U_CHAR   00B3H  1
P3 . . . . . . . . . . . . . . . . . .  SFR      DATA   U_CHAR   00B0H  1
P6M0 . . . . . . . . . . . . . . . . .  SFR      DATA   U_CHAR   00CCH  1
P5M1 . . . . . . . . . . . . . . . . .  SFR      DATA   U_CHAR   00C9H  1
P4 . . . . . . . . . . . . . . . . . .  SFR      DATA   U_CHAR   00C0H  1
AC . . . . . . . . . . . . . . . . . .  ABSBIT   -----  BIT      00D6H  1
PWMIF. . . . . . . . . . . . . . . . .  SFR      DATA   U_CHAR   00F6H  1
P7M0 . . . . . . . . . . . . . . . . .  SFR      DATA   U_CHAR   00E2H  1
P6M1 . . . . . . . . . . . . . . . . .  SFR      DATA   U_CHAR   00CBH  1
P5 . . . . . . . . . . . . . . . . . .  SFR      DATA   U_CHAR   00C8H  1
EA . . . . . . . . . . . . . . . . . .  ABSBIT   -----  BIT      00AFH  1
P7M1 . . . . . . . . . . . . . . . . .  SFR      DATA   U_CHAR   00E1H  1
P6 . . . . . . . . . . . . . . . . . .  SFR      DATA   U_CHAR   00E8H  1
WKTCL. . . . . . . . . . . . . . . . .  SFR      DATA   U_CHAR   00AAH  1
P7 . . . . . . . . . . . . . . . . . .  SFR      DATA   U_CHAR   00F8H  1
SPINTURNRIGHT. . . . . . . . . . . . .  E_CONST  -----  U_CHAR   -----  1
SPCTL. . . . . . . . . . . . . . . . .  SFR      DATA   U_CHAR   00CEH  1
CF . . . . . . . . . . . . . . . . . .  ABSBIT   -----  BIT      00DFH  1
PWMCR. . . . . . . . . . . . . . . . .  SFR      DATA   U_CHAR   00F5H  1
CH . . . . . . . . . . . . . . . . . .  SFR      DATA   U_CHAR   00F9H  1
P_SW1. . . . . . . . . . . . . . . . .  SFR      DATA   U_CHAR   00A2H  1
P_SW2. . . . . . . . . . . . . . . . .  SFR      DATA   U_CHAR   00BAH  1
EADC . . . . . . . . . . . . . . . . .  ABSBIT   -----  BIT      00ADH  1
IE . . . . . . . . . . . . . . . . . .  SFR      DATA   U_CHAR   00A8H  1
CL . . . . . . . . . . . . . . . . . .  SFR      DATA   U_CHAR   00E9H  1
IAP_CMD. . . . . . . . . . . . . . . .  SFR      DATA   U_CHAR   00C5H  1
CCAP0H . . . . . . . . . . . . . . . .  SFR      DATA   U_CHAR   00FAH  1
size_t . . . . . . . . . . . . . . . .  TYPEDEF  -----  U_INT    -----  2
CCAP1H . . . . . . . . . . . . . . . .  SFR      DATA   U_CHAR   00FBH  1
CCAP2H . . . . . . . . . . . . . . . .  SFR      DATA   U_CHAR   00FCH  1
ADC_RES. . . . . . . . . . . . . . . .  SFR      DATA   U_CHAR   00BDH  1
CCAP0L . . . . . . . . . . . . . . . .  SFR      DATA   U_CHAR   00EAH  1
CR . . . . . . . . . . . . . . . . . .  ABSBIT   -----  BIT      00DEH  1
BACKWARDS. . . . . . . . . . . . . . .  E_CONST  -----  U_CHAR   -----  1
C51 COMPILER V9.60.7.0   GPIO                                                              12/19/2023 11:49:39 PAGE 14  

NAME                                    CLASS   MSPACE  TYPE    OFFSET  SIZE
====                                    =====   ======  ====    ======  ====


PWMFDCR. . . . . . . . . . . . . . . .  SFR      DATA   U_CHAR   00F7H  1
CCAP1L . . . . . . . . . . . . . . . .  SFR      DATA   U_CHAR   00EBH  1
CCAPM0 . . . . . . . . . . . . . . . .  SFR      DATA   U_CHAR   00DAH  1
CCAP2L . . . . . . . . . . . . . . . .  SFR      DATA   U_CHAR   00ECH  1
CCAPM1 . . . . . . . . . . . . . . . .  SFR      DATA   U_CHAR   00DBH  1
TIM_InitTypeDef. . . . . . . . . . . .  TYPEDEF  -----  STRUCT   -----  8
  TIM_Mode . . . . . . . . . . . . . .  MEMBER   -----  U_CHAR   0000H  1
  TIM_Polity . . . . . . . . . . . . .  MEMBER   -----  U_CHAR   0001H  1
  TIM_Interrupt. . . . . . . . . . . .  MEMBER   -----  U_CHAR   0002H  1
  TIM_ClkSource. . . . . . . . . . . .  MEMBER   -----  U_CHAR   0003H  1
  TIM_ClkOut . . . . . . . . . . . . .  MEMBER   -----  U_CHAR   0004H  1
  TIM_Value. . . . . . . . . . . . . .  MEMBER   -----  U_INT    0005H  2
  TIM_Run. . . . . . . . . . . . . . .  MEMBER   -----  U_CHAR   0007H  1
FORWARD. . . . . . . . . . . . . . . .  E_CONST  -----  U_CHAR   -----  1
CCAPM2 . . . . . . . . . . . . . . . .  SFR      DATA   U_CHAR   00DCH  1
ES . . . . . . . . . . . . . . . . . .  ABSBIT   -----  BIT      00ACH  1
PADC . . . . . . . . . . . . . . . . .  ABSBIT   -----  BIT      00BDH  1
IP . . . . . . . . . . . . . . . . . .  SFR      DATA   U_CHAR   00B8H  1
RI . . . . . . . . . . . . . . . . . .  ABSBIT   -----  BIT      0098H  1
_motor_direction_. . . . . . . . . . .  * TAG *  -----  ENUM     -----  -----
CY . . . . . . . . . . . . . . . . . .  ABSBIT   -----  BIT      00D7H  1
TI . . . . . . . . . . . . . . . . . .  ABSBIT   -----  BIT      0099H  1
COMx_InitDefine. . . . . . . . . . . .  TYPEDEF  -----  STRUCT   -----  13
  UART_Mode. . . . . . . . . . . . . .  MEMBER   -----  U_CHAR   0000H  1
  UART_BRT_Use . . . . . . . . . . . .  MEMBER   -----  U_CHAR   0001H  1
  UART_BaudRate. . . . . . . . . . . .  MEMBER   -----  U_LONG   0002H  4
  Morecommunicate. . . . . . . . . . .  MEMBER   -----  U_CHAR   0006H  1
  UART_RxEnable. . . . . . . . . . . .  MEMBER   -----  U_CHAR   0007H  1
  BaudRateDouble . . . . . . . . . . .  MEMBER   -----  U_CHAR   0008H  1
  UART_Interrupt . . . . . . . . . . .  MEMBER   -----  U_CHAR   0009H  1
  UART_Polity. . . . . . . . . . . . .  MEMBER   -----  U_CHAR   000AH  1
  UART_P_SW. . . . . . . . . . . . . .  MEMBER   -----  U_CHAR   000BH  1
  UART_RXD_TXD_Short . . . . . . . . .  MEMBER   -----  U_CHAR   000CH  1
CLK_DIV. . . . . . . . . . . . . . . .  SFR      DATA   U_CHAR   0097H  1
IAP_ADDRH. . . . . . . . . . . . . . .  SFR      DATA   U_CHAR   00C3H  1
PS . . . . . . . . . . . . . . . . . .  ABSBIT   -----  BIT      00BCH  1
SP . . . . . . . . . . . . . . . . . .  SFR      DATA   U_CHAR   0081H  1
CMOD . . . . . . . . . . . . . . . . .  SFR      DATA   U_CHAR   00D9H  1
CCON . . . . . . . . . . . . . . . . .  SFR      DATA   U_CHAR   00D8H  1
IAP_ADDRL. . . . . . . . . . . . . . .  SFR      DATA   U_CHAR   00C4H  1
PPCA . . . . . . . . . . . . . . . . .  ABSBIT   -----  BIT      00BFH  1
OV . . . . . . . . . . . . . . . . . .  ABSBIT   -----  BIT      00D2H  1
_GPIO_Init . . . . . . . . . . . . . .  PUBLIC   CODE   PROC     0000H  -----
  GPIO . . . . . . . . . . . . . . . .  * REG *  DATA   U_CHAR   0007H  1
  GPIOx. . . . . . . . . . . . . . . .  * REG *  DATA   PTR      0001H  3
CMPCR1 . . . . . . . . . . . . . . . .  SFR      DATA   U_CHAR   00E6H  1
CMPCR2 . . . . . . . . . . . . . . . .  SFR      DATA   U_CHAR   00E7H  1
_GPIO_ResetBits. . . . . . . . . . . .  PUBLIC   CODE   PROC     0000H  -----
  GPIOx. . . . . . . . . . . . . . . .  * REG *  DATA   U_CHAR   0007H  1
  GPIO_Pin . . . . . . . . . . . . . .  * REG *  DATA   U_CHAR   0005H  1
ELVD . . . . . . . . . . . . . . . . .  ABSBIT   -----  BIT      00AEH  1
P00. . . . . . . . . . . . . . . . . .  ABSBIT   -----  BIT      0080H  1
ADC_CONTR. . . . . . . . . . . . . . .  SFR      DATA   U_CHAR   00BCH  1
SBUF . . . . . . . . . . . . . . . . .  SFR      DATA   U_CHAR   0099H  1
PCON . . . . . . . . . . . . . . . . .  SFR      DATA   U_CHAR   0087H  1
P10. . . . . . . . . . . . . . . . . .  ABSBIT   -----  BIT      0090H  1
P01. . . . . . . . . . . . . . . . . .  ABSBIT   -----  BIT      0081H  1
C51 COMPILER V9.60.7.0   GPIO                                                              12/19/2023 11:49:39 PAGE 15  

NAME                                    CLASS   MSPACE  TYPE    OFFSET  SIZE
====                                    =====   ======  ====    ======  ====


P20. . . . . . . . . . . . . . . . . .  ABSBIT   -----  BIT      00A0H  1
P11. . . . . . . . . . . . . . . . . .  ABSBIT   -----  BIT      0091H  1
P02. . . . . . . . . . . . . . . . . .  ABSBIT   -----  BIT      0082H  1
P30. . . . . . . . . . . . . . . . . .  ABSBIT   -----  BIT      00B0H  1
P21. . . . . . . . . . . . . . . . . .  ABSBIT   -----  BIT      00A1H  1
P12. . . . . . . . . . . . . . . . . .  ABSBIT   -----  BIT      0092H  1
P03. . . . . . . . . . . . . . . . . .  ABSBIT   -----  BIT      0083H  1
SPINTURNLEFT . . . . . . . . . . . . .  E_CONST  -----  U_CHAR   -----  1
SCON . . . . . . . . . . . . . . . . .  SFR      DATA   U_CHAR   0098H  1
P40. . . . . . . . . . . . . . . . . .  ABSBIT   -----  BIT      00C0H  1
P31. . . . . . . . . . . . . . . . . .  ABSBIT   -----  BIT      00B1H  1
P22. . . . . . . . . . . . . . . . . .  ABSBIT   -----  BIT      00A2H  1
P13. . . . . . . . . . . . . . . . . .  ABSBIT   -----  BIT      0093H  1
P04. . . . . . . . . . . . . . . . . .  ABSBIT   -----  BIT      0084H  1
TMOD . . . . . . . . . . . . . . . . .  SFR      DATA   U_CHAR   0089H  1
TCON . . . . . . . . . . . . . . . . .  SFR      DATA   U_CHAR   0088H  1
P50. . . . . . . . . . . . . . . . . .  ABSBIT   -----  BIT      00C8H  1
P41. . . . . . . . . . . . . . . . . .  ABSBIT   -----  BIT      00C1H  1
P32. . . . . . . . . . . . . . . . . .  ABSBIT   -----  BIT      00B2H  1
P23. . . . . . . . . . . . . . . . . .  ABSBIT   -----  BIT      00A3H  1
P14. . . . . . . . . . . . . . . . . .  ABSBIT   -----  BIT      0094H  1
P05. . . . . . . . . . . . . . . . . .  ABSBIT   -----  BIT      0085H  1
P60. . . . . . . . . . . . . . . . . .  ABSBIT   -----  BIT      00E8H  1
P51. . . . . . . . . . . . . . . . . .  ABSBIT   -----  BIT      00C9H  1
P42. . . . . . . . . . . . . . . . . .  ABSBIT   -----  BIT      00C2H  1
P33. . . . . . . . . . . . . . . . . .  ABSBIT   -----  BIT      00B3H  1
P24. . . . . . . . . . . . . . . . . .  ABSBIT   -----  BIT      00A4H  1
P15. . . . . . . . . . . . . . . . . .  ABSBIT   -----  BIT      0095H  1
P06. . . . . . . . . . . . . . . . . .  ABSBIT   -----  BIT      0086H  1
PLVD . . . . . . . . . . . . . . . . .  ABSBIT   -----  BIT      00BEH  1
P70. . . . . . . . . . . . . . . . . .  ABSBIT   -----  BIT      00F8H  1
P61. . . . . . . . . . . . . . . . . .  ABSBIT   -----  BIT      00E9H  1
P52. . . . . . . . . . . . . . . . . .  ABSBIT   -----  BIT      00CAH  1
P43. . . . . . . . . . . . . . . . . .  ABSBIT   -----  BIT      00C3H  1
P34. . . . . . . . . . . . . . . . . .  ABSBIT   -----  BIT      00B4H  1
P25. . . . . . . . . . . . . . . . . .  ABSBIT   -----  BIT      00A5H  1
P16. . . . . . . . . . . . . . . . . .  ABSBIT   -----  BIT      0096H  1
P07. . . . . . . . . . . . . . . . . .  ABSBIT   -----  BIT      0087H  1
P71. . . . . . . . . . . . . . . . . .  ABSBIT   -----  BIT      00F9H  1
P62. . . . . . . . . . . . . . . . . .  ABSBIT   -----  BIT      00EAH  1
P53. . . . . . . . . . . . . . . . . .  ABSBIT   -----  BIT      00CBH  1
P44. . . . . . . . . . . . . . . . . .  ABSBIT   -----  BIT      00C4H  1
P35. . . . . . . . . . . . . . . . . .  ABSBIT   -----  BIT      00B5H  1
P26. . . . . . . . . . . . . . . . . .  ABSBIT   -----  BIT      00A6H  1
P17. . . . . . . . . . . . . . . . . .  ABSBIT   -----  BIT      0097H  1
P72. . . . . . . . . . . . . . . . . .  ABSBIT   -----  BIT      00FAH  1
P63. . . . . . . . . . . . . . . . . .  ABSBIT   -----  BIT      00EBH  1
P54. . . . . . . . . . . . . . . . . .  ABSBIT   -----  BIT      00CCH  1
P45. . . . . . . . . . . . . . . . . .  ABSBIT   -----  BIT      00C5H  1
P36. . . . . . . . . . . . . . . . . .  ABSBIT   -----  BIT      00B6H  1
P27. . . . . . . . . . . . . . . . . .  ABSBIT   -----  BIT      00A7H  1
P73. . . . . . . . . . . . . . . . . .  ABSBIT   -----  BIT      00FBH  1
P64. . . . . . . . . . . . . . . . . .  ABSBIT   -----  BIT      00ECH  1
P55. . . . . . . . . . . . . . . . . .  ABSBIT   -----  BIT      00CDH  1
P46. . . . . . . . . . . . . . . . . .  ABSBIT   -----  BIT      00C6H  1
P37. . . . . . . . . . . . . . . . . .  ABSBIT   -----  BIT      00B7H  1
P74. . . . . . . . . . . . . . . . . .  ABSBIT   -----  BIT      00FCH  1
C51 COMPILER V9.60.7.0   GPIO                                                              12/19/2023 11:49:39 PAGE 16  

NAME                                    CLASS   MSPACE  TYPE    OFFSET  SIZE
====                                    =====   ======  ====    ======  ====


P65. . . . . . . . . . . . . . . . . .  ABSBIT   -----  BIT      00EDH  1
P56. . . . . . . . . . . . . . . . . .  ABSBIT   -----  BIT      00CEH  1
P47. . . . . . . . . . . . . . . . . .  ABSBIT   -----  BIT      00C7H  1
P75. . . . . . . . . . . . . . . . . .  ABSBIT   -----  BIT      00FDH  1
P66. . . . . . . . . . . . . . . . . .  ABSBIT   -----  BIT      00EEH  1
P57. . . . . . . . . . . . . . . . . .  ABSBIT   -----  BIT      00CFH  1
P76. . . . . . . . . . . . . . . . . .  ABSBIT   -----  BIT      00FEH  1
P67. . . . . . . . . . . . . . . . . .  ABSBIT   -----  BIT      00EFH  1
IE0. . . . . . . . . . . . . . . . . .  ABSBIT   -----  BIT      0089H  1
BUS_SPEED. . . . . . . . . . . . . . .  SFR      DATA   U_CHAR   00A1H  1
P77. . . . . . . . . . . . . . . . . .  ABSBIT   -----  BIT      00FFH  1
IE1. . . . . . . . . . . . . . . . . .  ABSBIT   -----  BIT      008BH  1
IE2. . . . . . . . . . . . . . . . . .  SFR      DATA   U_CHAR   00AFH  1
_GPIO_ReadInputDataBit . . . . . . . .  PUBLIC   CODE   PROC     0000H  -----
  GPIOx. . . . . . . . . . . . . . . .  * REG *  DATA   U_CHAR   0007H  1
  GPIO_Pin . . . . . . . . . . . . . .  * REG *  DATA   U_CHAR   0005H  1
  _IO_image_ . . . . . . . . . . . . .  * REG *  DATA   U_CHAR   0006H  1
AUXR . . . . . . . . . . . . . . . . .  SFR      DATA   U_CHAR   008EH  1
B. . . . . . . . . . . . . . . . . . .  SFR      DATA   U_CHAR   00F0H  1
IAP_CONTR. . . . . . . . . . . . . . .  SFR      DATA   U_CHAR   00C7H  1
PWMCFG . . . . . . . . . . . . . . . .  SFR      DATA   U_CHAR   00F1H  1
STOP . . . . . . . . . . . . . . . . .  E_CONST  -----  U_CHAR   -----  1
ACC. . . . . . . . . . . . . . . . . .  SFR      DATA   U_CHAR   00E0H  1
ET0. . . . . . . . . . . . . . . . . .  ABSBIT   -----  BIT      00A9H  1
TF0. . . . . . . . . . . . . . . . . .  ABSBIT   -----  BIT      008DH  1
ET1. . . . . . . . . . . . . . . . . .  ABSBIT   -----  BIT      00ABH  1
TURNRIGHT. . . . . . . . . . . . . . .  E_CONST  -----  U_CHAR   -----  1
TF1. . . . . . . . . . . . . . . . . .  ABSBIT   -----  BIT      008FH  1
IP2. . . . . . . . . . . . . . . . . .  SFR      DATA   U_CHAR   00B5H  1
RB8. . . . . . . . . . . . . . . . . .  ABSBIT   -----  BIT      009AH  1
TH0. . . . . . . . . . . . . . . . . .  SFR      DATA   U_CHAR   008CH  1
TH1. . . . . . . . . . . . . . . . . .  SFR      DATA   U_CHAR   008DH  1
IT0. . . . . . . . . . . . . . . . . .  ABSBIT   -----  BIT      0088H  1
EX0. . . . . . . . . . . . . . . . . .  ABSBIT   -----  BIT      00A8H  1
TB8. . . . . . . . . . . . . . . . . .  ABSBIT   -----  BIT      009BH  1
T2H. . . . . . . . . . . . . . . . . .  SFR      DATA   U_CHAR   00D6H  1
IT1. . . . . . . . . . . . . . . . . .  ABSBIT   -----  BIT      008AH  1
EX1. . . . . . . . . . . . . . . . . .  ABSBIT   -----  BIT      00AAH  1
uint8_t. . . . . . . . . . . . . . . .  TYPEDEF  -----  U_CHAR   -----  1
T3H. . . . . . . . . . . . . . . . . .  SFR      DATA   U_CHAR   00D4H  1
P. . . . . . . . . . . . . . . . . . .  ABSBIT   -----  BIT      00D0H  1
SM0. . . . . . . . . . . . . . . . . .  ABSBIT   -----  BIT      009FH  1
T4H. . . . . . . . . . . . . . . . . .  SFR      DATA   U_CHAR   00D2H  1
TL0. . . . . . . . . . . . . . . . . .  SFR      DATA   U_CHAR   008AH  1
SM1. . . . . . . . . . . . . . . . . .  ABSBIT   -----  BIT      009EH  1
TL1. . . . . . . . . . . . . . . . . .  SFR      DATA   U_CHAR   008BH  1
SM2. . . . . . . . . . . . . . . . . .  ABSBIT   -----  BIT      009DH  1
T2L. . . . . . . . . . . . . . . . . .  SFR      DATA   U_CHAR   00D7H  1
_GPIO_SetBits. . . . . . . . . . . . .  PUBLIC   CODE   PROC     0000H  -----
  GPIOx. . . . . . . . . . . . . . . .  * REG *  DATA   U_CHAR   0007H  1
  GPIO_Pin . . . . . . . . . . . . . .  * REG *  DATA   U_CHAR   0005H  1
T3L. . . . . . . . . . . . . . . . . .  SFR      DATA   U_CHAR   00D5H  1
T4L. . . . . . . . . . . . . . . . . .  SFR      DATA   U_CHAR   00D3H  1
PT0. . . . . . . . . . . . . . . . . .  ABSBIT   -----  BIT      00B9H  1
PT1. . . . . . . . . . . . . . . . . .  ABSBIT   -----  BIT      00BBH  1
RS0. . . . . . . . . . . . . . . . . .  ABSBIT   -----  BIT      00D3H  1
IAP_DATA . . . . . . . . . . . . . . .  SFR      DATA   U_CHAR   00C2H  1
C51 COMPILER V9.60.7.0   GPIO                                                              12/19/2023 11:49:39 PAGE 17  

NAME                                    CLASS   MSPACE  TYPE    OFFSET  SIZE
====                                    =====   ======  ====    ======  ====


TR0. . . . . . . . . . . . . . . . . .  ABSBIT   -----  BIT      008CH  1
RS1. . . . . . . . . . . . . . . . . .  ABSBIT   -----  BIT      00D4H  1
TR1. . . . . . . . . . . . . . . . . .  ABSBIT   -----  BIT      008EH  1
WDT_CONTR. . . . . . . . . . . . . . .  SFR      DATA   U_CHAR   00C1H  1
PX0. . . . . . . . . . . . . . . . . .  ABSBIT   -----  BIT      00B8H  1
PX1. . . . . . . . . . . . . . . . . .  ABSBIT   -----  BIT      00BAH  1
PCA_PWM0 . . . . . . . . . . . . . . .  SFR      DATA   U_CHAR   00F2H  1
PCA_PWM1 . . . . . . . . . . . . . . .  SFR      DATA   U_CHAR   00F3H  1
PCA_PWM2 . . . . . . . . . . . . . . .  SFR      DATA   U_CHAR   00F4H  1
P1ASF. . . . . . . . . . . . . . . . .  SFR      DATA   U_CHAR   009DH  1
DPH. . . . . . . . . . . . . . . . . .  SFR      DATA   U_CHAR   0083H  1
GPIO_InitTypeDef . . . . . . . . . . .  TYPEDEF  -----  STRUCT   -----  2
  GPIO_Mode. . . . . . . . . . . . . .  MEMBER   -----  U_CHAR   0000H  1
  GPIO_Pin . . . . . . . . . . . . . .  MEMBER   -----  U_CHAR   0001H  1
T3T4M. . . . . . . . . . . . . . . . .  SFR      DATA   U_CHAR   00D1H  1
T4T3M. . . . . . . . . . . . . . . . .  SFR      DATA   U_CHAR   00D1H  1
ADC_RESL . . . . . . . . . . . . . . .  SFR      DATA   U_CHAR   00BEH  1
DPL. . . . . . . . . . . . . . . . . .  SFR      DATA   U_CHAR   0082H  1
SPSTAT . . . . . . . . . . . . . . . .  SFR      DATA   U_CHAR   00CDH  1
S2BUF. . . . . . . . . . . . . . . . .  SFR      DATA   U_CHAR   009BH  1
S3BUF. . . . . . . . . . . . . . . . .  SFR      DATA   U_CHAR   00ADH  1
S4BUF. . . . . . . . . . . . . . . . .  SFR      DATA   U_CHAR   0085H  1
REN. . . . . . . . . . . . . . . . . .  ABSBIT   -----  BIT      009CH  1
S2CON. . . . . . . . . . . . . . . . .  SFR      DATA   U_CHAR   009AH  1
S3CON. . . . . . . . . . . . . . . . .  SFR      DATA   U_CHAR   00ACH  1
S4CON. . . . . . . . . . . . . . . . .  SFR      DATA   U_CHAR   0084H  1
SADEN. . . . . . . . . . . . . . . . .  SFR      DATA   U_CHAR   00B9H  1
SADDR. . . . . . . . . . . . . . . . .  SFR      DATA   U_CHAR   00A9H  1
IAP_TRIG . . . . . . . . . . . . . . .  SFR      DATA   U_CHAR   00C6H  1
AUXR1. . . . . . . . . . . . . . . . .  SFR      DATA   U_CHAR   00A2H  1
F0 . . . . . . . . . . . . . . . . . .  ABSBIT   -----  BIT      00D5H  1
INT_CLKO . . . . . . . . . . . . . . .  SFR      DATA   U_CHAR   008FH  1
F1 . . . . . . . . . . . . . . . . . .  ABSBIT   -----  BIT      00D1H  1
TURNLEFT . . . . . . . . . . . . . . .  E_CONST  -----  U_CHAR   -----  1
PSW. . . . . . . . . . . . . . . . . .  SFR      DATA   U_CHAR   00D0H  1
uint32_t . . . . . . . . . . . . . . .  TYPEDEF  -----  U_LONG   -----  4
CCF0 . . . . . . . . . . . . . . . . .  ABSBIT   -----  BIT      00D8H  1
CCF1 . . . . . . . . . . . . . . . . .  ABSBIT   -----  BIT      00D9H  1
SPDAT. . . . . . . . . . . . . . . . .  SFR      DATA   U_CHAR   00CFH  1
P0M0 . . . . . . . . . . . . . . . . .  SFR      DATA   U_CHAR   0094H  1


MODULE INFORMATION:   STATIC OVERLAYABLE
   CODE SIZE        =    599    ----
   CONSTANT SIZE    =   ----    ----
   XDATA SIZE       =   ----    ----
   PDATA SIZE       =   ----    ----
   DATA SIZE        =   ----    ----
   IDATA SIZE       =   ----    ----
   BIT SIZE         =   ----    ----
   EDATA SIZE       =   ----    ----
   HDATA SIZE       =   ----    ----
   XDATA CONST SIZE =   ----    ----
   FAR CONST SIZE   =   ----    ----
END OF MODULE INFORMATION.


C51 COMPILATION COMPLETE.  0 WARNING(S),  0 ERROR(S)
