C51 COMPILER V9.60.7.0   A14_UART                                                          12/19/2023 11:49:39 PAGE 1   


C51 COMPILER V9.60.7.0, COMPILATION OF MODULE A14_UART
OBJECT MODULE PLACED IN .\build\Target 1\Driver\A14_uart.o
COMPILER INVOKED BY: C:\Keil_v5\C51\BIN\C51.exe .\DRIVER\A14_UART.C OMF2 TABS(4) CODE NOCOND SYMBOLS PRINT(.\build\Targe
                    -t 1\Driver\A14_uart.lst) INCDIR(../../../../../../../Keil_v5/C51/INC/Atmel;User;System;../../../../../../../Keil_v5/C51/
                    -INC) DEFINE(__UVISION_VERSION=526) OPTIMIZE(8,SPEED) LARGE ROM(LARGE) OBJECT(.\build\Target 1\Driver\A14_uart.o)

line level    source

   1          #include "global.h"                  // Device heade
   2          
   3          
   4          #define UART1_MAXBUFLEN (40)
   5          #if (UART1_MAXBUFLEN>255)
   8          
   9          static volatile struct _uart_param_tag{
  10              uint8_t front;
  11              uint8_t rear;
  12              char buffer[UART1_MAXBUFLEN];
  13          } g_uart1_param;
  14          
  15          /**
  16            * @brief  串口1初始化
  17            * @param  t_baud：串口波特率
  18            * @retval None
  19            */
  20          void Usart1_Init(uint16_t t_baud) {
  21   1          COMx_InitDefine USART_InitStructure;
  22   1          USART_InitStructure.UART_Mode = UART_8bit_BRTx;//模式, UART_ShiftRight,UART_8bit_BRTx,UART_9bit,UART_9bit
             -_BRTx
  23   1          USART_InitStructure.UART_BRT_Use = BRT_Timer2;//选择波特率发生器, BRT_Timer1, BRT_Timer2 (注意: 串口2固定
             -使用BRT_Timer2)
  24   1          USART_InitStructure.UART_BaudRate = t_baud;     //波特率, 一般 110 ~ 115200
  25   1          USART_InitStructure.UART_RxEnable = ENABLE;     //接收允许,   ENABLE或DISABLE
  26   1          USART_InitStructure.BaudRateDouble = DISABLE;   //波特率加倍, ENABLE或DISABLE
  27   1          USART_InitStructure.UART_Interrupt = ENABLE;    //中断使能, ENABLE/DISABLE;
  28   1          USART_InitStructure.UART_Polity = PolityHigh; //优先级,     PolityLow,PolityHigh
  29   1          USART_InitStructure.UART_P_SW = UART1_SW_P36_P37;//切换端口,   UART1_SW_P30_P31,UART1_SW_P36_P37,UART1_SW
             -_P16_P17(必须使用内部时钟)
  30   1          USART_Init(USART1, &USART_InitStructure);
  31   1      }
  32          
  33          uint8_t uart1_Read(void *vbuf,uint8_t len)
  34          {
  35   1          uint8_t i = 0;
  36   1          char *buf = (char *)vbuf;
  37   1          for(i-0; i<len; i++)
  38   1          {
  39   2              EA = 0;
  40   2              if(g_uart1_param.front == g_uart1_param.rear)
  41   2              {
  42   3                  EA = 1;//列队空，不执行出队操作
  43   3                  break;
  44   3              }
  45   2              buf[i] = g_uart1_param.buffer[g_uart1_param.front];
  46   2              g_uart1_param.front = (g_uart1_param.front + 1) % UART1_MAXBUFLEN;
  47   2              EA = 1;
  48   2              _nop_();
  49   2          }
  50   1          return i;
  51   1      }
  52          
C51 COMPILER V9.60.7.0   A14_UART                                                          12/19/2023 11:49:39 PAGE 2   

  53          void uart1_Write(const void *vbuf,uint8_t len)
  54          {
  55   1          uint8_t i;
  56   1          const char *buf = (const char*)vbuf;
  57   1          for(i=0; i<len; i++)
  58   1          {
  59   2              SBUF = buf[i];
  60   2              while(TI == 0);
  61   2              TI = 0;
  62   2          }
  63   1      }
  64          
  65          /********************* UART1中断函数************************/
  66          void USART1_IRQHandler (void) interrupt UART1_VECTOR
  67          {
  68   1          uint8_t val;
  69   1          if(RI)
  70   1          {
  71   2              val = SBUF;
  72   2              RI = 0;
  73   2              if( (g_uart1_param.rear + 1) % UART1_MAXBUFLEN == g_uart1_param.front )
  74   2              {
  75   3                  return;//列队满
  76   3              }
  77   2              else
  78   2              {
  79   3                  g_uart1_param.buffer[g_uart1_param.rear] = val;
  80   3                  g_uart1_param.rear = (g_uart1_param.rear + 1) % UART1_MAXBUFLEN;
  81   3              }
  82   2          }
  83   1      }
  84          
  85          //implemented for printf()
  86          char putchar(char c)
  87          {
  88   1          SBUF = c;
  89   1          while(TI == 0);
  90   1          TI = 0;
  91   1          return c;
  92   1      }
C51 COMPILER V9.60.7.0   A14_UART                                                          12/19/2023 11:49:39 PAGE 3   

ASSEMBLY LISTING OF GENERATED OBJECT CODE


             ; FUNCTION _Usart1_Init (BEGIN)
                                           ; SOURCE LINE # 20
;---- Variable 't_baud' assigned to Register 'R6/R7' ----
                                           ; SOURCE LINE # 22
0000 900000      R     MOV     DPTR,#USART_InitStructure
0003 7440              MOV     A,#040H
0005 F0                MOVX    @DPTR,A
                                           ; SOURCE LINE # 23
0006 A3                INC     DPTR
0007 7402              MOV     A,#02H
0009 F0                MOVX    @DPTR,A
                                           ; SOURCE LINE # 24
000A E4                CLR     A
000B FC                MOV     R4,A
000C FD                MOV     R5,A
000D A3                INC     DPTR
000E 120000      E     LCALL   ?C?LSTXDATA
                                           ; SOURCE LINE # 25
0011 900000      R     MOV     DPTR,#USART_InitStructure+07H
0014 7401              MOV     A,#01H
0016 F0                MOVX    @DPTR,A
                                           ; SOURCE LINE # 26
0017 E4                CLR     A
0018 A3                INC     DPTR
0019 F0                MOVX    @DPTR,A
                                           ; SOURCE LINE # 27
001A A3                INC     DPTR
001B 04                INC     A
001C F0                MOVX    @DPTR,A
                                           ; SOURCE LINE # 28
001D A3                INC     DPTR
001E F0                MOVX    @DPTR,A
                                           ; SOURCE LINE # 29
001F A3                INC     DPTR
0020 7440              MOV     A,#040H
0022 F0                MOVX    @DPTR,A
                                           ; SOURCE LINE # 30
0023 7B01              MOV     R3,#01H
0025 7A00        R     MOV     R2,#HIGH USART_InitStructure
0027 7900        R     MOV     R1,#LOW USART_InitStructure
0029 7F01              MOV     R7,#01H
002B 020000      E     LJMP    _USART_Init
             ; FUNCTION _Usart1_Init (END)

             ; FUNCTION _uart1_Read (BEGIN)
                                           ; SOURCE LINE # 33
0000 900000      R     MOV     DPTR,#len
0003 ED                MOV     A,R5
0004 F0                MOVX    @DPTR,A
;---- Variable 'vbuf' assigned to Register 'R1/R2/R3' ----
                                           ; SOURCE LINE # 34
                                           ; SOURCE LINE # 35
0005 E4                CLR     A
0006 A3                INC     DPTR
0007 F0                MOVX    @DPTR,A
                                           ; SOURCE LINE # 36
0008 A3                INC     DPTR
0009 EB                MOV     A,R3
000A F0                MOVX    @DPTR,A
C51 COMPILER V9.60.7.0   A14_UART                                                          12/19/2023 11:49:39 PAGE 4   

000B A3                INC     DPTR
000C EA                MOV     A,R2
000D F0                MOVX    @DPTR,A
000E A3                INC     DPTR
000F E9                MOV     A,R1
0010 F0                MOVX    @DPTR,A
                                           ; SOURCE LINE # 37
0011         ?C0002:
0011 900000      R     MOV     DPTR,#len
0014 E0                MOVX    A,@DPTR
0015 FF                MOV     R7,A
0016 A3                INC     DPTR
0017 E0                MOVX    A,@DPTR
0018 FE                MOV     R6,A
0019 C3                CLR     C
001A 9F                SUBB    A,R7
001B 5055              JNC     ?C0003
                                           ; SOURCE LINE # 38
                                           ; SOURCE LINE # 39
001D C2AF              CLR     EA
                                           ; SOURCE LINE # 40
001F 900000      R     MOV     DPTR,#g_uart1_param+01H
0022 E0                MOVX    A,@DPTR
0023 FF                MOV     R7,A
0024 900000      R     MOV     DPTR,#g_uart1_param
0027 E0                MOVX    A,@DPTR
0028 B50704            CJNE    A,AR7,?C0005
                                           ; SOURCE LINE # 41
                                           ; SOURCE LINE # 42
002B D2AF              SETB    EA
                                           ; SOURCE LINE # 43
002D 8043              SJMP    ?C0003
                                           ; SOURCE LINE # 44
002F         ?C0005:
                                           ; SOURCE LINE # 45
002F 900000      R     MOV     DPTR,#g_uart1_param
0032 E0                MOVX    A,@DPTR
0033 2400        R     ADD     A,#LOW g_uart1_param+02H
0035 F582              MOV     DPL,A
0037 E4                CLR     A
0038 3400        R     ADDC    A,#HIGH g_uart1_param+02H
003A F583              MOV     DPH,A
003C E0                MOVX    A,@DPTR
003D FF                MOV     R7,A
003E 900000      R     MOV     DPTR,#buf
0041 E0                MOVX    A,@DPTR
0042 FB                MOV     R3,A
0043 A3                INC     DPTR
0044 E0                MOVX    A,@DPTR
0045 FA                MOV     R2,A
0046 A3                INC     DPTR
0047 E0                MOVX    A,@DPTR
0048 F9                MOV     R1,A
0049 8E82              MOV     DPL,R6
004B 758300            MOV     DPH,#00H
004E EF                MOV     A,R7
004F 120000      E     LCALL   ?C?CSTOPTR
                                           ; SOURCE LINE # 46
0052 900000      R     MOV     DPTR,#g_uart1_param
0055 E0                MOVX    A,@DPTR
0056 2401              ADD     A,#01H
0058 FF                MOV     R7,A
C51 COMPILER V9.60.7.0   A14_UART                                                          12/19/2023 11:49:39 PAGE 5   

0059 E4                CLR     A
005A 33                RLC     A
005B FE                MOV     R6,A
005C 7C00              MOV     R4,#00H
005E 7D28              MOV     R5,#028H
0060 120000      E     LCALL   ?C?UIDIV
0063 AF05              MOV     R7,AR5
0065 ED                MOV     A,R5
0066 F0                MOVX    @DPTR,A
                                           ; SOURCE LINE # 47
0067 D2AF              SETB    EA
                                           ; SOURCE LINE # 48
0069 00                NOP     
                                           ; SOURCE LINE # 49
006A 900000      R     MOV     DPTR,#i
006D E0                MOVX    A,@DPTR
006E 04                INC     A
006F F0                MOVX    @DPTR,A
0070 809F              SJMP    ?C0002
0072         ?C0003:
                                           ; SOURCE LINE # 50
0072 900000      R     MOV     DPTR,#i
0075 E0                MOVX    A,@DPTR
0076 FF                MOV     R7,A
                                           ; SOURCE LINE # 51
0077 22                RET     
             ; FUNCTION _uart1_Read (END)

             ; FUNCTION _uart1_Write (BEGIN)
                                           ; SOURCE LINE # 53
;---- Variable 'len' assigned to Register 'R5' ----
;---- Variable 'vbuf' assigned to Register 'R1/R2/R3' ----
                                           ; SOURCE LINE # 54
                                           ; SOURCE LINE # 56
0000 900000      R     MOV     DPTR,#buf
0003 EB                MOV     A,R3
0004 F0                MOVX    @DPTR,A
0005 A3                INC     DPTR
0006 EA                MOV     A,R2
0007 F0                MOVX    @DPTR,A
0008 A3                INC     DPTR
0009 E9                MOV     A,R1
000A F0                MOVX    @DPTR,A
                                           ; SOURCE LINE # 57
;---- Variable 'i' assigned to Register 'R7' ----
000B E4                CLR     A
000C FF                MOV     R7,A
000D         ?C0007:
000D EF                MOV     A,R7
000E C3                CLR     C
000F 9D                SUBB    A,R5
0010 501D              JNC     ?C0012
                                           ; SOURCE LINE # 58
                                           ; SOURCE LINE # 59
0012 900000      R     MOV     DPTR,#buf
0015 E0                MOVX    A,@DPTR
0016 FB                MOV     R3,A
0017 A3                INC     DPTR
0018 E0                MOVX    A,@DPTR
0019 FA                MOV     R2,A
001A A3                INC     DPTR
001B E0                MOVX    A,@DPTR
C51 COMPILER V9.60.7.0   A14_UART                                                          12/19/2023 11:49:39 PAGE 6   

001C F9                MOV     R1,A
001D 8F82              MOV     DPL,R7
001F 758300            MOV     DPH,#00H
0022 120000      E     LCALL   ?C?CLDOPTR
0025 F599              MOV     SBUF,A
0027         ?C0010:
                                           ; SOURCE LINE # 60
0027 3099FD            JNB     TI,?C0010
                                           ; SOURCE LINE # 61
002A C299              CLR     TI
                                           ; SOURCE LINE # 62
002C 0F                INC     R7
002D 80DE              SJMP    ?C0007
                                           ; SOURCE LINE # 63
002F         ?C0012:
002F 22                RET     
             ; FUNCTION _uart1_Write (END)

             ; FUNCTION USART1_IRQHandler (BEGIN)
0000 C0E0              PUSH    ACC
0002 C0F0              PUSH    B
0004 C083              PUSH    DPH
0006 C082              PUSH    DPL
0008 C0D0              PUSH    PSW
000A 75D000            MOV     PSW,#00H
000D C000              PUSH    AR0
000F C003              PUSH    AR3
0011 C004              PUSH    AR4
0013 C005              PUSH    AR5
0015 C006              PUSH    AR6
0017 C007              PUSH    AR7
                                           ; SOURCE LINE # 66
                                           ; SOURCE LINE # 69
0019 309842            JNB     RI,?C0015
                                           ; SOURCE LINE # 70
                                           ; SOURCE LINE # 71
;---- Variable 'val' assigned to Register 'R3' ----
001C AB99              MOV     R3,SBUF
                                           ; SOURCE LINE # 72
001E C298              CLR     RI
                                           ; SOURCE LINE # 73
0020 900000      R     MOV     DPTR,#g_uart1_param+01H
0023 E0                MOVX    A,@DPTR
0024 2401              ADD     A,#01H
0026 FF                MOV     R7,A
0027 E4                CLR     A
0028 33                RLC     A
0029 FE                MOV     R6,A
002A 7C00              MOV     R4,#00H
002C 7D28              MOV     R5,#028H
002E 120000      E     LCALL   ?C?UIDIV
0031 AF05              MOV     R7,AR5
0033 900000      R     MOV     DPTR,#g_uart1_param
0036 E0                MOVX    A,@DPTR
0037 6D                XRL     A,R5
0038 6024              JZ      ?C0015
                                           ; SOURCE LINE # 74
                                           ; SOURCE LINE # 76
                                           ; SOURCE LINE # 78
                                           ; SOURCE LINE # 79
003A AF03              MOV     R7,AR3
003C A3                INC     DPTR
C51 COMPILER V9.60.7.0   A14_UART                                                          12/19/2023 11:49:39 PAGE 7   

003D E0                MOVX    A,@DPTR
003E 2400        R     ADD     A,#LOW g_uart1_param+02H
0040 F582              MOV     DPL,A
0042 E4                CLR     A
0043 3400        R     ADDC    A,#HIGH g_uart1_param+02H
0045 F583              MOV     DPH,A
0047 EB                MOV     A,R3
0048 F0                MOVX    @DPTR,A
                                           ; SOURCE LINE # 80
0049 900000      R     MOV     DPTR,#g_uart1_param+01H
004C E0                MOVX    A,@DPTR
004D 2401              ADD     A,#01H
004F FF                MOV     R7,A
0050 E4                CLR     A
0051 33                RLC     A
0052 FE                MOV     R6,A
0053 7C00              MOV     R4,#00H
0055 7D28              MOV     R5,#028H
0057 120000      E     LCALL   ?C?UIDIV
005A AF05              MOV     R7,AR5
005C ED                MOV     A,R5
005D F0                MOVX    @DPTR,A
                                           ; SOURCE LINE # 81
                                           ; SOURCE LINE # 82
                                           ; SOURCE LINE # 83
005E         ?C0015:
005E D007              POP     AR7
0060 D006              POP     AR6
0062 D005              POP     AR5
0064 D004              POP     AR4
0066 D003              POP     AR3
0068 D000              POP     AR0
006A D0D0              POP     PSW
006C D082              POP     DPL
006E D083              POP     DPH
0070 D0F0              POP     B
0072 D0E0              POP     ACC
0074 32                RETI    
             ; FUNCTION USART1_IRQHandler (END)

             ; FUNCTION _putchar (BEGIN)
                                           ; SOURCE LINE # 86
;---- Variable 'c' assigned to Register 'R7' ----
                                           ; SOURCE LINE # 87
                                           ; SOURCE LINE # 88
0000 8F99              MOV     SBUF,R7
0002         ?C0017:
                                           ; SOURCE LINE # 89
0002 3099FD            JNB     TI,?C0017
                                           ; SOURCE LINE # 90
0005 C299              CLR     TI
                                           ; SOURCE LINE # 91
                                           ; SOURCE LINE # 92
0007 22                RET     
             ; FUNCTION _putchar (END)

C51 COMPILER V9.60.7.0   A14_UART                                                          12/19/2023 11:49:39 PAGE 8   

NAME                                    CLASS   MSPACE  TYPE    OFFSET  SIZE
====                                    =====   ======  ====    ======  ====


uint16_t . . . . . . . . . . . . . . .  TYPEDEF  -----  U_INT    -----  2
CCF2 . . . . . . . . . . . . . . . . .  ABSBIT   -----  BIT      00DAH  1
P1M0 . . . . . . . . . . . . . . . . .  SFR      DATA   U_CHAR   0092H  1
P0M1 . . . . . . . . . . . . . . . . .  SFR      DATA   U_CHAR   0093H  1
P2M0 . . . . . . . . . . . . . . . . .  SFR      DATA   U_CHAR   0096H  1
P1M1 . . . . . . . . . . . . . . . . .  SFR      DATA   U_CHAR   0091H  1
P0 . . . . . . . . . . . . . . . . . .  SFR      DATA   U_CHAR   0080H  1
P3M0 . . . . . . . . . . . . . . . . .  SFR      DATA   U_CHAR   00B2H  1
P2M1 . . . . . . . . . . . . . . . . .  SFR      DATA   U_CHAR   0095H  1
P1 . . . . . . . . . . . . . . . . . .  SFR      DATA   U_CHAR   0090H  1
PCA_InitTypeDef. . . . . . . . . . . .  TYPEDEF  -----  STRUCT   -----  8
  PCA_IoUse. . . . . . . . . . . . . .  MEMBER   -----  U_CHAR   0000H  1
  PCA_Clock. . . . . . . . . . . . . .  MEMBER   -----  U_CHAR   0001H  1
  PCA_Mode . . . . . . . . . . . . . .  MEMBER   -----  U_CHAR   0002H  1
  PCA_PWM_Wide . . . . . . . . . . . .  MEMBER   -----  U_CHAR   0003H  1
  PCA_Interrupt_Mode . . . . . . . . .  MEMBER   -----  U_CHAR   0004H  1
  PCA_Polity . . . . . . . . . . . . .  MEMBER   -----  U_CHAR   0005H  1
  PCA_Value. . . . . . . . . . . . . .  MEMBER   -----  U_INT    0006H  2
P4M0 . . . . . . . . . . . . . . . . .  SFR      DATA   U_CHAR   00B4H  1
P3M1 . . . . . . . . . . . . . . . . .  SFR      DATA   U_CHAR   00B1H  1
P2 . . . . . . . . . . . . . . . . . .  SFR      DATA   U_CHAR   00A0H  1
WKTCH. . . . . . . . . . . . . . . . .  SFR      DATA   U_CHAR   00ABH  1
P5M0 . . . . . . . . . . . . . . . . .  SFR      DATA   U_CHAR   00CAH  1
P4M1 . . . . . . . . . . . . . . . . .  SFR      DATA   U_CHAR   00B3H  1
P3 . . . . . . . . . . . . . . . . . .  SFR      DATA   U_CHAR   00B0H  1
P6M0 . . . . . . . . . . . . . . . . .  SFR      DATA   U_CHAR   00CCH  1
P5M1 . . . . . . . . . . . . . . . . .  SFR      DATA   U_CHAR   00C9H  1
P4 . . . . . . . . . . . . . . . . . .  SFR      DATA   U_CHAR   00C0H  1
AC . . . . . . . . . . . . . . . . . .  ABSBIT   -----  BIT      00D6H  1
PWMIF. . . . . . . . . . . . . . . . .  SFR      DATA   U_CHAR   00F6H  1
P7M0 . . . . . . . . . . . . . . . . .  SFR      DATA   U_CHAR   00E2H  1
P6M1 . . . . . . . . . . . . . . . . .  SFR      DATA   U_CHAR   00CBH  1
P5 . . . . . . . . . . . . . . . . . .  SFR      DATA   U_CHAR   00C8H  1
EA . . . . . . . . . . . . . . . . . .  ABSBIT   -----  BIT      00AFH  1
P7M1 . . . . . . . . . . . . . . . . .  SFR      DATA   U_CHAR   00E1H  1
P6 . . . . . . . . . . . . . . . . . .  SFR      DATA   U_CHAR   00E8H  1
WKTCL. . . . . . . . . . . . . . . . .  SFR      DATA   U_CHAR   00AAH  1
P7 . . . . . . . . . . . . . . . . . .  SFR      DATA   U_CHAR   00F8H  1
SPINTURNRIGHT. . . . . . . . . . . . .  E_CONST  -----  U_CHAR   -----  1
_USART_Init. . . . . . . . . . . . . .  EXTERN   CODE   PROC     -----  -----
SPCTL. . . . . . . . . . . . . . . . .  SFR      DATA   U_CHAR   00CEH  1
CF . . . . . . . . . . . . . . . . . .  ABSBIT   -----  BIT      00DFH  1
PWMCR. . . . . . . . . . . . . . . . .  SFR      DATA   U_CHAR   00F5H  1
CH . . . . . . . . . . . . . . . . . .  SFR      DATA   U_CHAR   00F9H  1
P_SW1. . . . . . . . . . . . . . . . .  SFR      DATA   U_CHAR   00A2H  1
P_SW2. . . . . . . . . . . . . . . . .  SFR      DATA   U_CHAR   00BAH  1
EADC . . . . . . . . . . . . . . . . .  ABSBIT   -----  BIT      00ADH  1
IE . . . . . . . . . . . . . . . . . .  SFR      DATA   U_CHAR   00A8H  1
CL . . . . . . . . . . . . . . . . . .  SFR      DATA   U_CHAR   00E9H  1
IAP_CMD. . . . . . . . . . . . . . . .  SFR      DATA   U_CHAR   00C5H  1
CCAP0H . . . . . . . . . . . . . . . .  SFR      DATA   U_CHAR   00FAH  1
size_t . . . . . . . . . . . . . . . .  TYPEDEF  -----  U_INT    -----  2
CCAP1H . . . . . . . . . . . . . . . .  SFR      DATA   U_CHAR   00FBH  1
CCAP2H . . . . . . . . . . . . . . . .  SFR      DATA   U_CHAR   00FCH  1
ADC_RES. . . . . . . . . . . . . . . .  SFR      DATA   U_CHAR   00BDH  1
CCAP0L . . . . . . . . . . . . . . . .  SFR      DATA   U_CHAR   00EAH  1
CR . . . . . . . . . . . . . . . . . .  ABSBIT   -----  BIT      00DEH  1
C51 COMPILER V9.60.7.0   A14_UART                                                          12/19/2023 11:49:39 PAGE 9   

NAME                                    CLASS   MSPACE  TYPE    OFFSET  SIZE
====                                    =====   ======  ====    ======  ====


BACKWARDS. . . . . . . . . . . . . . .  E_CONST  -----  U_CHAR   -----  1
PWMFDCR. . . . . . . . . . . . . . . .  SFR      DATA   U_CHAR   00F7H  1
CCAP1L . . . . . . . . . . . . . . . .  SFR      DATA   U_CHAR   00EBH  1
CCAPM0 . . . . . . . . . . . . . . . .  SFR      DATA   U_CHAR   00DAH  1
CCAP2L . . . . . . . . . . . . . . . .  SFR      DATA   U_CHAR   00ECH  1
CCAPM1 . . . . . . . . . . . . . . . .  SFR      DATA   U_CHAR   00DBH  1
TIM_InitTypeDef. . . . . . . . . . . .  TYPEDEF  -----  STRUCT   -----  8
  TIM_Mode . . . . . . . . . . . . . .  MEMBER   -----  U_CHAR   0000H  1
  TIM_Polity . . . . . . . . . . . . .  MEMBER   -----  U_CHAR   0001H  1
  TIM_Interrupt. . . . . . . . . . . .  MEMBER   -----  U_CHAR   0002H  1
  TIM_ClkSource. . . . . . . . . . . .  MEMBER   -----  U_CHAR   0003H  1
  TIM_ClkOut . . . . . . . . . . . . .  MEMBER   -----  U_CHAR   0004H  1
  TIM_Value. . . . . . . . . . . . . .  MEMBER   -----  U_INT    0005H  2
  TIM_Run. . . . . . . . . . . . . . .  MEMBER   -----  U_CHAR   0007H  1
FORWARD. . . . . . . . . . . . . . . .  E_CONST  -----  U_CHAR   -----  1
CCAPM2 . . . . . . . . . . . . . . . .  SFR      DATA   U_CHAR   00DCH  1
ES . . . . . . . . . . . . . . . . . .  ABSBIT   -----  BIT      00ACH  1
PADC . . . . . . . . . . . . . . . . .  ABSBIT   -----  BIT      00BDH  1
IP . . . . . . . . . . . . . . . . . .  SFR      DATA   U_CHAR   00B8H  1
RI . . . . . . . . . . . . . . . . . .  ABSBIT   -----  BIT      0098H  1
_motor_direction_. . . . . . . . . . .  * TAG *  -----  ENUM     -----  -----
CY . . . . . . . . . . . . . . . . . .  ABSBIT   -----  BIT      00D7H  1
TI . . . . . . . . . . . . . . . . . .  ABSBIT   -----  BIT      0099H  1
COMx_InitDefine. . . . . . . . . . . .  TYPEDEF  -----  STRUCT   -----  13
  UART_Mode. . . . . . . . . . . . . .  MEMBER   -----  U_CHAR   0000H  1
  UART_BRT_Use . . . . . . . . . . . .  MEMBER   -----  U_CHAR   0001H  1
  UART_BaudRate. . . . . . . . . . . .  MEMBER   -----  U_LONG   0002H  4
  Morecommunicate. . . . . . . . . . .  MEMBER   -----  U_CHAR   0006H  1
  UART_RxEnable. . . . . . . . . . . .  MEMBER   -----  U_CHAR   0007H  1
  BaudRateDouble . . . . . . . . . . .  MEMBER   -----  U_CHAR   0008H  1
  UART_Interrupt . . . . . . . . . . .  MEMBER   -----  U_CHAR   0009H  1
  UART_Polity. . . . . . . . . . . . .  MEMBER   -----  U_CHAR   000AH  1
  UART_P_SW. . . . . . . . . . . . . .  MEMBER   -----  U_CHAR   000BH  1
  UART_RXD_TXD_Short . . . . . . . . .  MEMBER   -----  U_CHAR   000CH  1
CLK_DIV. . . . . . . . . . . . . . . .  SFR      DATA   U_CHAR   0097H  1
IAP_ADDRH. . . . . . . . . . . . . . .  SFR      DATA   U_CHAR   00C3H  1
PS . . . . . . . . . . . . . . . . . .  ABSBIT   -----  BIT      00BCH  1
SP . . . . . . . . . . . . . . . . . .  SFR      DATA   U_CHAR   0081H  1
CMOD . . . . . . . . . . . . . . . . .  SFR      DATA   U_CHAR   00D9H  1
CCON . . . . . . . . . . . . . . . . .  SFR      DATA   U_CHAR   00D8H  1
IAP_ADDRL. . . . . . . . . . . . . . .  SFR      DATA   U_CHAR   00C4H  1
PPCA . . . . . . . . . . . . . . . . .  ABSBIT   -----  BIT      00BFH  1
OV . . . . . . . . . . . . . . . . . .  ABSBIT   -----  BIT      00D2H  1
CMPCR1 . . . . . . . . . . . . . . . .  SFR      DATA   U_CHAR   00E6H  1
CMPCR2 . . . . . . . . . . . . . . . .  SFR      DATA   U_CHAR   00E7H  1
g_uart1_param. . . . . . . . . . . . .  STATIC   XDATA  STRUCT   0000H  42
ELVD . . . . . . . . . . . . . . . . .  ABSBIT   -----  BIT      00AEH  1
P00. . . . . . . . . . . . . . . . . .  ABSBIT   -----  BIT      0080H  1
_uart_param_tag. . . . . . . . . . . .  * TAG *  -----  STRUCT   -----  42
  front. . . . . . . . . . . . . . . .  MEMBER   -----  U_CHAR   0000H  1
  rear . . . . . . . . . . . . . . . .  MEMBER   -----  U_CHAR   0001H  1
  buffer . . . . . . . . . . . . . . .  MEMBER   -----  ARRAY    0002H  40
ADC_CONTR. . . . . . . . . . . . . . .  SFR      DATA   U_CHAR   00BCH  1
SBUF . . . . . . . . . . . . . . . . .  SFR      DATA   U_CHAR   0099H  1
PCON . . . . . . . . . . . . . . . . .  SFR      DATA   U_CHAR   0087H  1
P10. . . . . . . . . . . . . . . . . .  ABSBIT   -----  BIT      0090H  1
P01. . . . . . . . . . . . . . . . . .  ABSBIT   -----  BIT      0081H  1
C51 COMPILER V9.60.7.0   A14_UART                                                          12/19/2023 11:49:39 PAGE 10  

NAME                                    CLASS   MSPACE  TYPE    OFFSET  SIZE
====                                    =====   ======  ====    ======  ====


P20. . . . . . . . . . . . . . . . . .  ABSBIT   -----  BIT      00A0H  1
P11. . . . . . . . . . . . . . . . . .  ABSBIT   -----  BIT      0091H  1
P02. . . . . . . . . . . . . . . . . .  ABSBIT   -----  BIT      0082H  1
P30. . . . . . . . . . . . . . . . . .  ABSBIT   -----  BIT      00B0H  1
P21. . . . . . . . . . . . . . . . . .  ABSBIT   -----  BIT      00A1H  1
P12. . . . . . . . . . . . . . . . . .  ABSBIT   -----  BIT      0092H  1
P03. . . . . . . . . . . . . . . . . .  ABSBIT   -----  BIT      0083H  1
SPINTURNLEFT . . . . . . . . . . . . .  E_CONST  -----  U_CHAR   -----  1
SCON . . . . . . . . . . . . . . . . .  SFR      DATA   U_CHAR   0098H  1
P40. . . . . . . . . . . . . . . . . .  ABSBIT   -----  BIT      00C0H  1
P31. . . . . . . . . . . . . . . . . .  ABSBIT   -----  BIT      00B1H  1
P22. . . . . . . . . . . . . . . . . .  ABSBIT   -----  BIT      00A2H  1
P13. . . . . . . . . . . . . . . . . .  ABSBIT   -----  BIT      0093H  1
P04. . . . . . . . . . . . . . . . . .  ABSBIT   -----  BIT      0084H  1
TMOD . . . . . . . . . . . . . . . . .  SFR      DATA   U_CHAR   0089H  1
TCON . . . . . . . . . . . . . . . . .  SFR      DATA   U_CHAR   0088H  1
P50. . . . . . . . . . . . . . . . . .  ABSBIT   -----  BIT      00C8H  1
P41. . . . . . . . . . . . . . . . . .  ABSBIT   -----  BIT      00C1H  1
P32. . . . . . . . . . . . . . . . . .  ABSBIT   -----  BIT      00B2H  1
P23. . . . . . . . . . . . . . . . . .  ABSBIT   -----  BIT      00A3H  1
P14. . . . . . . . . . . . . . . . . .  ABSBIT   -----  BIT      0094H  1
P05. . . . . . . . . . . . . . . . . .  ABSBIT   -----  BIT      0085H  1
P60. . . . . . . . . . . . . . . . . .  ABSBIT   -----  BIT      00E8H  1
P51. . . . . . . . . . . . . . . . . .  ABSBIT   -----  BIT      00C9H  1
P42. . . . . . . . . . . . . . . . . .  ABSBIT   -----  BIT      00C2H  1
P33. . . . . . . . . . . . . . . . . .  ABSBIT   -----  BIT      00B3H  1
P24. . . . . . . . . . . . . . . . . .  ABSBIT   -----  BIT      00A4H  1
P15. . . . . . . . . . . . . . . . . .  ABSBIT   -----  BIT      0095H  1
P06. . . . . . . . . . . . . . . . . .  ABSBIT   -----  BIT      0086H  1
PLVD . . . . . . . . . . . . . . . . .  ABSBIT   -----  BIT      00BEH  1
P70. . . . . . . . . . . . . . . . . .  ABSBIT   -----  BIT      00F8H  1
P61. . . . . . . . . . . . . . . . . .  ABSBIT   -----  BIT      00E9H  1
P52. . . . . . . . . . . . . . . . . .  ABSBIT   -----  BIT      00CAH  1
P43. . . . . . . . . . . . . . . . . .  ABSBIT   -----  BIT      00C3H  1
P34. . . . . . . . . . . . . . . . . .  ABSBIT   -----  BIT      00B4H  1
P25. . . . . . . . . . . . . . . . . .  ABSBIT   -----  BIT      00A5H  1
P16. . . . . . . . . . . . . . . . . .  ABSBIT   -----  BIT      0096H  1
P07. . . . . . . . . . . . . . . . . .  ABSBIT   -----  BIT      0087H  1
P71. . . . . . . . . . . . . . . . . .  ABSBIT   -----  BIT      00F9H  1
P62. . . . . . . . . . . . . . . . . .  ABSBIT   -----  BIT      00EAH  1
P53. . . . . . . . . . . . . . . . . .  ABSBIT   -----  BIT      00CBH  1
P44. . . . . . . . . . . . . . . . . .  ABSBIT   -----  BIT      00C4H  1
P35. . . . . . . . . . . . . . . . . .  ABSBIT   -----  BIT      00B5H  1
P26. . . . . . . . . . . . . . . . . .  ABSBIT   -----  BIT      00A6H  1
P17. . . . . . . . . . . . . . . . . .  ABSBIT   -----  BIT      0097H  1
P72. . . . . . . . . . . . . . . . . .  ABSBIT   -----  BIT      00FAH  1
P63. . . . . . . . . . . . . . . . . .  ABSBIT   -----  BIT      00EBH  1
P54. . . . . . . . . . . . . . . . . .  ABSBIT   -----  BIT      00CCH  1
P45. . . . . . . . . . . . . . . . . .  ABSBIT   -----  BIT      00C5H  1
P36. . . . . . . . . . . . . . . . . .  ABSBIT   -----  BIT      00B6H  1
P27. . . . . . . . . . . . . . . . . .  ABSBIT   -----  BIT      00A7H  1
_Usart1_Init . . . . . . . . . . . . .  PUBLIC   CODE   PROC     0000H  -----
  t_baud . . . . . . . . . . . . . . .  * REG *  DATA   U_INT    0006H  2
  USART_InitStructure. . . . . . . . .  AUTO     XDATA  STRUCT   0000H  13
P73. . . . . . . . . . . . . . . . . .  ABSBIT   -----  BIT      00FBH  1
P64. . . . . . . . . . . . . . . . . .  ABSBIT   -----  BIT      00ECH  1
P55. . . . . . . . . . . . . . . . . .  ABSBIT   -----  BIT      00CDH  1
C51 COMPILER V9.60.7.0   A14_UART                                                          12/19/2023 11:49:39 PAGE 11  

NAME                                    CLASS   MSPACE  TYPE    OFFSET  SIZE
====                                    =====   ======  ====    ======  ====


P46. . . . . . . . . . . . . . . . . .  ABSBIT   -----  BIT      00C6H  1
P37. . . . . . . . . . . . . . . . . .  ABSBIT   -----  BIT      00B7H  1
P74. . . . . . . . . . . . . . . . . .  ABSBIT   -----  BIT      00FCH  1
P65. . . . . . . . . . . . . . . . . .  ABSBIT   -----  BIT      00EDH  1
P56. . . . . . . . . . . . . . . . . .  ABSBIT   -----  BIT      00CEH  1
P47. . . . . . . . . . . . . . . . . .  ABSBIT   -----  BIT      00C7H  1
P75. . . . . . . . . . . . . . . . . .  ABSBIT   -----  BIT      00FDH  1
P66. . . . . . . . . . . . . . . . . .  ABSBIT   -----  BIT      00EEH  1
P57. . . . . . . . . . . . . . . . . .  ABSBIT   -----  BIT      00CFH  1
P76. . . . . . . . . . . . . . . . . .  ABSBIT   -----  BIT      00FEH  1
P67. . . . . . . . . . . . . . . . . .  ABSBIT   -----  BIT      00EFH  1
IE0. . . . . . . . . . . . . . . . . .  ABSBIT   -----  BIT      0089H  1
BUS_SPEED. . . . . . . . . . . . . . .  SFR      DATA   U_CHAR   00A1H  1
P77. . . . . . . . . . . . . . . . . .  ABSBIT   -----  BIT      00FFH  1
IE1. . . . . . . . . . . . . . . . . .  ABSBIT   -----  BIT      008BH  1
IE2. . . . . . . . . . . . . . . . . .  SFR      DATA   U_CHAR   00AFH  1
AUXR . . . . . . . . . . . . . . . . .  SFR      DATA   U_CHAR   008EH  1
B. . . . . . . . . . . . . . . . . . .  SFR      DATA   U_CHAR   00F0H  1
IAP_CONTR. . . . . . . . . . . . . . .  SFR      DATA   U_CHAR   00C7H  1
PWMCFG . . . . . . . . . . . . . . . .  SFR      DATA   U_CHAR   00F1H  1
STOP . . . . . . . . . . . . . . . . .  E_CONST  -----  U_CHAR   -----  1
ACC. . . . . . . . . . . . . . . . . .  SFR      DATA   U_CHAR   00E0H  1
ET0. . . . . . . . . . . . . . . . . .  ABSBIT   -----  BIT      00A9H  1
TF0. . . . . . . . . . . . . . . . . .  ABSBIT   -----  BIT      008DH  1
ET1. . . . . . . . . . . . . . . . . .  ABSBIT   -----  BIT      00ABH  1
TURNRIGHT. . . . . . . . . . . . . . .  E_CONST  -----  U_CHAR   -----  1
TF1. . . . . . . . . . . . . . . . . .  ABSBIT   -----  BIT      008FH  1
IP2. . . . . . . . . . . . . . . . . .  SFR      DATA   U_CHAR   00B5H  1
RB8. . . . . . . . . . . . . . . . . .  ABSBIT   -----  BIT      009AH  1
TH0. . . . . . . . . . . . . . . . . .  SFR      DATA   U_CHAR   008CH  1
TH1. . . . . . . . . . . . . . . . . .  SFR      DATA   U_CHAR   008DH  1
IT0. . . . . . . . . . . . . . . . . .  ABSBIT   -----  BIT      0088H  1
EX0. . . . . . . . . . . . . . . . . .  ABSBIT   -----  BIT      00A8H  1
_uart1_Read. . . . . . . . . . . . . .  PUBLIC   CODE   PROC     0000H  -----
  vbuf . . . . . . . . . . . . . . . .  * REG *  DATA   VOID_PTR 0001H  3
  len. . . . . . . . . . . . . . . . .  AUTO     XDATA  U_CHAR   0000H  1
  i. . . . . . . . . . . . . . . . . .  AUTO     XDATA  U_CHAR   0001H  1
  buf. . . . . . . . . . . . . . . . .  AUTO     XDATA  PTR      0002H  3
TB8. . . . . . . . . . . . . . . . . .  ABSBIT   -----  BIT      009BH  1
T2H. . . . . . . . . . . . . . . . . .  SFR      DATA   U_CHAR   00D6H  1
IT1. . . . . . . . . . . . . . . . . .  ABSBIT   -----  BIT      008AH  1
EX1. . . . . . . . . . . . . . . . . .  ABSBIT   -----  BIT      00AAH  1
uint8_t. . . . . . . . . . . . . . . .  TYPEDEF  -----  U_CHAR   -----  1
T3H. . . . . . . . . . . . . . . . . .  SFR      DATA   U_CHAR   00D4H  1
P. . . . . . . . . . . . . . . . . . .  ABSBIT   -----  BIT      00D0H  1
SM0. . . . . . . . . . . . . . . . . .  ABSBIT   -----  BIT      009FH  1
T4H. . . . . . . . . . . . . . . . . .  SFR      DATA   U_CHAR   00D2H  1
TL0. . . . . . . . . . . . . . . . . .  SFR      DATA   U_CHAR   008AH  1
SM1. . . . . . . . . . . . . . . . . .  ABSBIT   -----  BIT      009EH  1
TL1. . . . . . . . . . . . . . . . . .  SFR      DATA   U_CHAR   008BH  1
SM2. . . . . . . . . . . . . . . . . .  ABSBIT   -----  BIT      009DH  1
T2L. . . . . . . . . . . . . . . . . .  SFR      DATA   U_CHAR   00D7H  1
USART1_IRQHandler. . . . . . . . . . .  PUBLIC   CODE   PROC     0000H  -----
  val. . . . . . . . . . . . . . . . .  * REG *  DATA   U_CHAR   0003H  1
T3L. . . . . . . . . . . . . . . . . .  SFR      DATA   U_CHAR   00D5H  1
T4L. . . . . . . . . . . . . . . . . .  SFR      DATA   U_CHAR   00D3H  1
PT0. . . . . . . . . . . . . . . . . .  ABSBIT   -----  BIT      00B9H  1
C51 COMPILER V9.60.7.0   A14_UART                                                          12/19/2023 11:49:39 PAGE 12  

NAME                                    CLASS   MSPACE  TYPE    OFFSET  SIZE
====                                    =====   ======  ====    ======  ====


PT1. . . . . . . . . . . . . . . . . .  ABSBIT   -----  BIT      00BBH  1
RS0. . . . . . . . . . . . . . . . . .  ABSBIT   -----  BIT      00D3H  1
IAP_DATA . . . . . . . . . . . . . . .  SFR      DATA   U_CHAR   00C2H  1
TR0. . . . . . . . . . . . . . . . . .  ABSBIT   -----  BIT      008CH  1
RS1. . . . . . . . . . . . . . . . . .  ABSBIT   -----  BIT      00D4H  1
TR1. . . . . . . . . . . . . . . . . .  ABSBIT   -----  BIT      008EH  1
WDT_CONTR. . . . . . . . . . . . . . .  SFR      DATA   U_CHAR   00C1H  1
PX0. . . . . . . . . . . . . . . . . .  ABSBIT   -----  BIT      00B8H  1
PX1. . . . . . . . . . . . . . . . . .  ABSBIT   -----  BIT      00BAH  1
PCA_PWM0 . . . . . . . . . . . . . . .  SFR      DATA   U_CHAR   00F2H  1
PCA_PWM1 . . . . . . . . . . . . . . .  SFR      DATA   U_CHAR   00F3H  1
PCA_PWM2 . . . . . . . . . . . . . . .  SFR      DATA   U_CHAR   00F4H  1
P1ASF. . . . . . . . . . . . . . . . .  SFR      DATA   U_CHAR   009DH  1
DPH. . . . . . . . . . . . . . . . . .  SFR      DATA   U_CHAR   0083H  1
GPIO_InitTypeDef . . . . . . . . . . .  TYPEDEF  -----  STRUCT   -----  2
  GPIO_Mode. . . . . . . . . . . . . .  MEMBER   -----  U_CHAR   0000H  1
  GPIO_Pin . . . . . . . . . . . . . .  MEMBER   -----  U_CHAR   0001H  1
T3T4M. . . . . . . . . . . . . . . . .  SFR      DATA   U_CHAR   00D1H  1
T4T3M. . . . . . . . . . . . . . . . .  SFR      DATA   U_CHAR   00D1H  1
_uart1_Write . . . . . . . . . . . . .  PUBLIC   CODE   PROC     0000H  -----
  vbuf . . . . . . . . . . . . . . . .  * REG *  DATA   VOID_PTR 0001H  3
  len. . . . . . . . . . . . . . . . .  * REG *  DATA   U_CHAR   0005H  1
  i. . . . . . . . . . . . . . . . . .  * REG *  DATA   U_CHAR   0007H  1
  buf. . . . . . . . . . . . . . . . .  AUTO     XDATA  PTR      0000H  3
ADC_RESL . . . . . . . . . . . . . . .  SFR      DATA   U_CHAR   00BEH  1
DPL. . . . . . . . . . . . . . . . . .  SFR      DATA   U_CHAR   0082H  1
SPSTAT . . . . . . . . . . . . . . . .  SFR      DATA   U_CHAR   00CDH  1
S2BUF. . . . . . . . . . . . . . . . .  SFR      DATA   U_CHAR   009BH  1
S3BUF. . . . . . . . . . . . . . . . .  SFR      DATA   U_CHAR   00ADH  1
S4BUF. . . . . . . . . . . . . . . . .  SFR      DATA   U_CHAR   0085H  1
REN. . . . . . . . . . . . . . . . . .  ABSBIT   -----  BIT      009CH  1
S2CON. . . . . . . . . . . . . . . . .  SFR      DATA   U_CHAR   009AH  1
S3CON. . . . . . . . . . . . . . . . .  SFR      DATA   U_CHAR   00ACH  1
S4CON. . . . . . . . . . . . . . . . .  SFR      DATA   U_CHAR   0084H  1
SADEN. . . . . . . . . . . . . . . . .  SFR      DATA   U_CHAR   00B9H  1
SADDR. . . . . . . . . . . . . . . . .  SFR      DATA   U_CHAR   00A9H  1
IAP_TRIG . . . . . . . . . . . . . . .  SFR      DATA   U_CHAR   00C6H  1
AUXR1. . . . . . . . . . . . . . . . .  SFR      DATA   U_CHAR   00A2H  1
F0 . . . . . . . . . . . . . . . . . .  ABSBIT   -----  BIT      00D5H  1
INT_CLKO . . . . . . . . . . . . . . .  SFR      DATA   U_CHAR   008FH  1
F1 . . . . . . . . . . . . . . . . . .  ABSBIT   -----  BIT      00D1H  1
TURNLEFT . . . . . . . . . . . . . . .  E_CONST  -----  U_CHAR   -----  1
PSW. . . . . . . . . . . . . . . . . .  SFR      DATA   U_CHAR   00D0H  1
_putchar . . . . . . . . . . . . . . .  PUBLIC   CODE   PROC     0000H  -----
  c. . . . . . . . . . . . . . . . . .  * REG *  DATA   CHAR     0007H  1
uint32_t . . . . . . . . . . . . . . .  TYPEDEF  -----  U_LONG   -----  4
CCF0 . . . . . . . . . . . . . . . . .  ABSBIT   -----  BIT      00D8H  1
CCF1 . . . . . . . . . . . . . . . . .  ABSBIT   -----  BIT      00D9H  1
SPDAT. . . . . . . . . . . . . . . . .  SFR      DATA   U_CHAR   00CFH  1
P0M0 . . . . . . . . . . . . . . . . .  SFR      DATA   U_CHAR   0094H  1


MODULE INFORMATION:   STATIC OVERLAYABLE
   CODE SIZE        =    342    ----
   CONSTANT SIZE    =   ----    ----
   XDATA SIZE       =     42      21
   PDATA SIZE       =   ----    ----
   DATA SIZE        =   ----    ----
C51 COMPILER V9.60.7.0   A14_UART                                                          12/19/2023 11:49:39 PAGE 13  

   IDATA SIZE       =   ----    ----
   BIT SIZE         =   ----    ----
   EDATA SIZE       =   ----    ----
   HDATA SIZE       =   ----    ----
   XDATA CONST SIZE =   ----    ----
   FAR CONST SIZE   =   ----    ----
END OF MODULE INFORMATION.


C51 COMPILATION COMPLETE.  0 WARNING(S),  0 ERROR(S)
