C51 COMPILER V9.60.7.0   MAIN                                                              12/19/2023 11:49:39 PAGE 1   


C51 COMPILER V9.60.7.0, COMPILATION OF MODULE MAIN
OBJECT MODULE PLACED IN .\build\Target 1\User\main.o
COMPILER INVOKED BY: C:\Keil_v5\C51\BIN\C51.exe .\USER\MAIN.C OMF2 TABS(4) CODE NOCOND SYMBOLS PRINT(.\build\Target 1\Us
                    -er\main.lst) INCDIR(../../../../../../../Keil_v5/C51/INC/Atmel;User;System;../../../../../../../Keil_v5/C51/INC) DEFINE(
                    -__UVISION_VERSION=526) OPTIMIZE(8,SPEED) LARGE ROM(LARGE) OBJECT(.\build\Target 1\User\main.o)

line level    source

   1          #include "global.h"                  // Device heade
   2          
   3          void main(void) {
   4   1          uint16_t S1 = 0, S2 = 0, S3 = 0, S4 = 0;
   5   1          char s1_buf[10] = {0};
   6   1          SysTick_Init();
   7   1          DelayMs(1);
   8   1          Motor_PWM_Init();
   9   1          OLED_Init();
  10   1          Usart1_Init(9600);
  11   1          // Buzzer_GPIO_Init();
  12   1          IR_Track_GPIO_Init();
  13   1          DelayMs(100);
  14   1          OLED_ShowString(4, 1, "track");
  15   1          DelayMs(1000);
  16   1          OLED_Clear();
  17   1          /*设置速度百分之九十,直行*/
  18   1          // Motor_Run(FORWARD, PWM_DUTY / 100 * 100);
  19   1          //DelayMs(100);
  20   1          // /*设置速度百分之九十，后退*/
  21   1          // Motor_Run(BACKWARDS, PWM_DUTY / 100 * 90);
  22   1          // //DelayMs(1000);
  23   1          // /*设置速度百分之九十，左转*/
  24   1          // Motor_Run(TURNLEFT, PWM_DUTY / 100 * 90);
  25   1          // DelayMs(1000);
  26   1          // /*设置速度百分之九十，右转*/
  27   1          // Motor_Run(TURNRIGHT, PWM_DUTY / 100 * 90);
  28   1          // DelayMs(1000);
  29   1          // /*设置速度百分之九十，原地左转*/
  30   1          // Motor_Run(SPINTURNLEFT, PWM_DUTY / 100 * 90);
  31   1          // DelayMs(1000);
  32   1          // /*设置速度百分之九十，原地右转*/
  33   1          // Motor_Run(SPINTURNRIGHT, PWM_DUTY / 100 * 90);
  34   1          // DelayMs(1000);
  35   1          // /*停止*/
  36   1          // Motor_Run(STOP, PWM_DUTY / 100 * 90);
  37   1      
  38   1      /*    //蜂鸣器测试
  39   1          DelayMs(1000);
  40   1          Buzzer_TurnOn(0);
  41   1          OLED_ShowString(4, 1, "buzzING");
  42   1          DelayMs(1000);
  43   1          Buzzer_TurnOn(1);
  44   1          OLED_Clear();
  45   1          OLED_ShowString(4, 1, "Nop");*/
  46   1      
  47   1          //红外循迹测试
  48   1          //获取S1的值显示在OLED上
  49   1      
  50   1          Get_TrackSensor_State(&S1, &S2, &S3, &S4);
  51   1      
  52   1          // OLED_ShowString(1, 1, s1_buf);
  53   1      
C51 COMPILER V9.60.7.0   MAIN                                                              12/19/2023 11:49:39 PAGE 2   

  54   1          for (EA = 1;;) {
  55   2      
  56   2      
  57   2          }
  58   1      }
C51 COMPILER V9.60.7.0   MAIN                                                              12/19/2023 11:49:39 PAGE 3   

ASSEMBLY LISTING OF GENERATED OBJECT CODE


             ; FUNCTION main (BEGIN)
                                           ; SOURCE LINE # 3
                                           ; SOURCE LINE # 4
0000 E4                CLR     A
0001 900000      R     MOV     DPTR,#S1
0004 F0                MOVX    @DPTR,A
0005 A3                INC     DPTR
0006 F0                MOVX    @DPTR,A
0007 A3                INC     DPTR
0008 F0                MOVX    @DPTR,A
0009 A3                INC     DPTR
000A F0                MOVX    @DPTR,A
000B A3                INC     DPTR
000C F0                MOVX    @DPTR,A
000D A3                INC     DPTR
000E F0                MOVX    @DPTR,A
000F A3                INC     DPTR
0010 F0                MOVX    @DPTR,A
0011 A3                INC     DPTR
0012 F0                MOVX    @DPTR,A
                                           ; SOURCE LINE # 5
0013 7800        R     MOV     R0,#LOW s1_buf
0015 7C00        R     MOV     R4,#HIGH s1_buf
0017 7D01              MOV     R5,#01H
0019 7BFF              MOV     R3,#0FFH
001B 7A00        R     MOV     R2,#HIGH _?ix1000
001D 7900        R     MOV     R1,#LOW _?ix1000
001F FE                MOV     R6,A
0020 7F0A              MOV     R7,#0AH
0022 120000      E     LCALL   ?C?COPY
                                           ; SOURCE LINE # 6
0025 120000      E     LCALL   SysTick_Init
                                           ; SOURCE LINE # 7
0028 7F01              MOV     R7,#01H
002A 7E00              MOV     R6,#00H
002C 120000      E     LCALL   _DelayMs
                                           ; SOURCE LINE # 8
002F 120000      E     LCALL   Motor_PWM_Init
                                           ; SOURCE LINE # 9
0032 120000      E     LCALL   OLED_Init
                                           ; SOURCE LINE # 10
0035 7F80              MOV     R7,#080H
0037 7E25              MOV     R6,#025H
0039 120000      E     LCALL   _Usart1_Init
                                           ; SOURCE LINE # 12
003C 120000      E     LCALL   IR_Track_GPIO_Init
                                           ; SOURCE LINE # 13
003F 7F64              MOV     R7,#064H
0041 7E00              MOV     R6,#00H
0043 120000      E     LCALL   _DelayMs
                                           ; SOURCE LINE # 14
0046 7BFF              MOV     R3,#0FFH
0048 7A00        R     MOV     R2,#HIGH ?SC_0
004A 7900        R     MOV     R1,#LOW ?SC_0
004C 7D01              MOV     R5,#01H
004E 7F04              MOV     R7,#04H
0050 120000      E     LCALL   _OLED_ShowString
                                           ; SOURCE LINE # 15
0053 7FE8              MOV     R7,#0E8H
C51 COMPILER V9.60.7.0   MAIN                                                              12/19/2023 11:49:39 PAGE 4   

0055 7E03              MOV     R6,#03H
0057 120000      E     LCALL   _DelayMs
                                           ; SOURCE LINE # 16
005A 120000      E     LCALL   OLED_Clear
                                           ; SOURCE LINE # 50
005D 900000      E     MOV     DPTR,#?_Get_TrackSensor_State?BYTE+03H
0060 7401              MOV     A,#01H
0062 F0                MOVX    @DPTR,A
0063 A3                INC     DPTR
0064 7400        R     MOV     A,#HIGH S2
0066 F0                MOVX    @DPTR,A
0067 A3                INC     DPTR
0068 7400        R     MOV     A,#LOW S2
006A F0                MOVX    @DPTR,A
006B A3                INC     DPTR
006C 7401              MOV     A,#01H
006E F0                MOVX    @DPTR,A
006F A3                INC     DPTR
0070 7400        R     MOV     A,#HIGH S3
0072 F0                MOVX    @DPTR,A
0073 A3                INC     DPTR
0074 7400        R     MOV     A,#LOW S3
0076 F0                MOVX    @DPTR,A
0077 A3                INC     DPTR
0078 7401              MOV     A,#01H
007A F0                MOVX    @DPTR,A
007B A3                INC     DPTR
007C 7400        R     MOV     A,#HIGH S4
007E F0                MOVX    @DPTR,A
007F A3                INC     DPTR
0080 7400        R     MOV     A,#LOW S4
0082 F0                MOVX    @DPTR,A
0083 7B01              MOV     R3,#01H
0085 7A00        R     MOV     R2,#HIGH S1
0087 7900        R     MOV     R1,#LOW S1
0089 120000      E     LCALL   _Get_TrackSensor_State
                                           ; SOURCE LINE # 54
008C D2AF              SETB    EA
008E         ?C0001:
                                           ; SOURCE LINE # 57
008E 80FE              SJMP    ?C0001
             ; FUNCTION main (END)

C51 COMPILER V9.60.7.0   MAIN                                                              12/19/2023 11:49:39 PAGE 5   

NAME                                    CLASS   MSPACE  TYPE    OFFSET  SIZE
====                                    =====   ======  ====    ======  ====


uint16_t . . . . . . . . . . . . . . .  TYPEDEF  -----  U_INT    -----  2
CCF2 . . . . . . . . . . . . . . . . .  ABSBIT   -----  BIT      00DAH  1
P1M0 . . . . . . . . . . . . . . . . .  SFR      DATA   U_CHAR   0092H  1
P0M1 . . . . . . . . . . . . . . . . .  SFR      DATA   U_CHAR   0093H  1
P2M0 . . . . . . . . . . . . . . . . .  SFR      DATA   U_CHAR   0096H  1
P1M1 . . . . . . . . . . . . . . . . .  SFR      DATA   U_CHAR   0091H  1
P0 . . . . . . . . . . . . . . . . . .  SFR      DATA   U_CHAR   0080H  1
P3M0 . . . . . . . . . . . . . . . . .  SFR      DATA   U_CHAR   00B2H  1
P2M1 . . . . . . . . . . . . . . . . .  SFR      DATA   U_CHAR   0095H  1
P1 . . . . . . . . . . . . . . . . . .  SFR      DATA   U_CHAR   0090H  1
PCA_InitTypeDef. . . . . . . . . . . .  TYPEDEF  -----  STRUCT   -----  8
  PCA_IoUse. . . . . . . . . . . . . .  MEMBER   -----  U_CHAR   0000H  1
  PCA_Clock. . . . . . . . . . . . . .  MEMBER   -----  U_CHAR   0001H  1
  PCA_Mode . . . . . . . . . . . . . .  MEMBER   -----  U_CHAR   0002H  1
  PCA_PWM_Wide . . . . . . . . . . . .  MEMBER   -----  U_CHAR   0003H  1
  PCA_Interrupt_Mode . . . . . . . . .  MEMBER   -----  U_CHAR   0004H  1
  PCA_Polity . . . . . . . . . . . . .  MEMBER   -----  U_CHAR   0005H  1
  PCA_Value. . . . . . . . . . . . . .  MEMBER   -----  U_INT    0006H  2
P4M0 . . . . . . . . . . . . . . . . .  SFR      DATA   U_CHAR   00B4H  1
P3M1 . . . . . . . . . . . . . . . . .  SFR      DATA   U_CHAR   00B1H  1
P2 . . . . . . . . . . . . . . . . . .  SFR      DATA   U_CHAR   00A0H  1
WKTCH. . . . . . . . . . . . . . . . .  SFR      DATA   U_CHAR   00ABH  1
P5M0 . . . . . . . . . . . . . . . . .  SFR      DATA   U_CHAR   00CAH  1
P4M1 . . . . . . . . . . . . . . . . .  SFR      DATA   U_CHAR   00B3H  1
P3 . . . . . . . . . . . . . . . . . .  SFR      DATA   U_CHAR   00B0H  1
P6M0 . . . . . . . . . . . . . . . . .  SFR      DATA   U_CHAR   00CCH  1
P5M1 . . . . . . . . . . . . . . . . .  SFR      DATA   U_CHAR   00C9H  1
P4 . . . . . . . . . . . . . . . . . .  SFR      DATA   U_CHAR   00C0H  1
AC . . . . . . . . . . . . . . . . . .  ABSBIT   -----  BIT      00D6H  1
PWMIF. . . . . . . . . . . . . . . . .  SFR      DATA   U_CHAR   00F6H  1
P7M0 . . . . . . . . . . . . . . . . .  SFR      DATA   U_CHAR   00E2H  1
P6M1 . . . . . . . . . . . . . . . . .  SFR      DATA   U_CHAR   00CBH  1
P5 . . . . . . . . . . . . . . . . . .  SFR      DATA   U_CHAR   00C8H  1
EA . . . . . . . . . . . . . . . . . .  ABSBIT   -----  BIT      00AFH  1
P7M1 . . . . . . . . . . . . . . . . .  SFR      DATA   U_CHAR   00E1H  1
P6 . . . . . . . . . . . . . . . . . .  SFR      DATA   U_CHAR   00E8H  1
WKTCL. . . . . . . . . . . . . . . . .  SFR      DATA   U_CHAR   00AAH  1
P7 . . . . . . . . . . . . . . . . . .  SFR      DATA   U_CHAR   00F8H  1
SPINTURNRIGHT. . . . . . . . . . . . .  E_CONST  -----  U_CHAR   -----  1
SPCTL. . . . . . . . . . . . . . . . .  SFR      DATA   U_CHAR   00CEH  1
CF . . . . . . . . . . . . . . . . . .  ABSBIT   -----  BIT      00DFH  1
PWMCR. . . . . . . . . . . . . . . . .  SFR      DATA   U_CHAR   00F5H  1
CH . . . . . . . . . . . . . . . . . .  SFR      DATA   U_CHAR   00F9H  1
P_SW1. . . . . . . . . . . . . . . . .  SFR      DATA   U_CHAR   00A2H  1
P_SW2. . . . . . . . . . . . . . . . .  SFR      DATA   U_CHAR   00BAH  1
EADC . . . . . . . . . . . . . . . . .  ABSBIT   -----  BIT      00ADH  1
IE . . . . . . . . . . . . . . . . . .  SFR      DATA   U_CHAR   00A8H  1
CL . . . . . . . . . . . . . . . . . .  SFR      DATA   U_CHAR   00E9H  1
IAP_CMD. . . . . . . . . . . . . . . .  SFR      DATA   U_CHAR   00C5H  1
CCAP0H . . . . . . . . . . . . . . . .  SFR      DATA   U_CHAR   00FAH  1
size_t . . . . . . . . . . . . . . . .  TYPEDEF  -----  U_INT    -----  2
CCAP1H . . . . . . . . . . . . . . . .  SFR      DATA   U_CHAR   00FBH  1
CCAP2H . . . . . . . . . . . . . . . .  SFR      DATA   U_CHAR   00FCH  1
ADC_RES. . . . . . . . . . . . . . . .  SFR      DATA   U_CHAR   00BDH  1
CCAP0L . . . . . . . . . . . . . . . .  SFR      DATA   U_CHAR   00EAH  1
CR . . . . . . . . . . . . . . . . . .  ABSBIT   -----  BIT      00DEH  1
BACKWARDS. . . . . . . . . . . . . . .  E_CONST  -----  U_CHAR   -----  1
C51 COMPILER V9.60.7.0   MAIN                                                              12/19/2023 11:49:39 PAGE 6   

NAME                                    CLASS   MSPACE  TYPE    OFFSET  SIZE
====                                    =====   ======  ====    ======  ====


PWMFDCR. . . . . . . . . . . . . . . .  SFR      DATA   U_CHAR   00F7H  1
CCAP1L . . . . . . . . . . . . . . . .  SFR      DATA   U_CHAR   00EBH  1
CCAPM0 . . . . . . . . . . . . . . . .  SFR      DATA   U_CHAR   00DAH  1
CCAP2L . . . . . . . . . . . . . . . .  SFR      DATA   U_CHAR   00ECH  1
CCAPM1 . . . . . . . . . . . . . . . .  SFR      DATA   U_CHAR   00DBH  1
TIM_InitTypeDef. . . . . . . . . . . .  TYPEDEF  -----  STRUCT   -----  8
  TIM_Mode . . . . . . . . . . . . . .  MEMBER   -----  U_CHAR   0000H  1
  TIM_Polity . . . . . . . . . . . . .  MEMBER   -----  U_CHAR   0001H  1
  TIM_Interrupt. . . . . . . . . . . .  MEMBER   -----  U_CHAR   0002H  1
  TIM_ClkSource. . . . . . . . . . . .  MEMBER   -----  U_CHAR   0003H  1
  TIM_ClkOut . . . . . . . . . . . . .  MEMBER   -----  U_CHAR   0004H  1
  TIM_Value. . . . . . . . . . . . . .  MEMBER   -----  U_INT    0005H  2
  TIM_Run. . . . . . . . . . . . . . .  MEMBER   -----  U_CHAR   0007H  1
FORWARD. . . . . . . . . . . . . . . .  E_CONST  -----  U_CHAR   -----  1
CCAPM2 . . . . . . . . . . . . . . . .  SFR      DATA   U_CHAR   00DCH  1
ES . . . . . . . . . . . . . . . . . .  ABSBIT   -----  BIT      00ACH  1
PADC . . . . . . . . . . . . . . . . .  ABSBIT   -----  BIT      00BDH  1
IP . . . . . . . . . . . . . . . . . .  SFR      DATA   U_CHAR   00B8H  1
RI . . . . . . . . . . . . . . . . . .  ABSBIT   -----  BIT      0098H  1
OLED_Init. . . . . . . . . . . . . . .  EXTERN   CODE   PROC     -----  -----
_motor_direction_. . . . . . . . . . .  * TAG *  -----  ENUM     -----  -----
CY . . . . . . . . . . . . . . . . . .  ABSBIT   -----  BIT      00D7H  1
TI . . . . . . . . . . . . . . . . . .  ABSBIT   -----  BIT      0099H  1
COMx_InitDefine. . . . . . . . . . . .  TYPEDEF  -----  STRUCT   -----  13
  UART_Mode. . . . . . . . . . . . . .  MEMBER   -----  U_CHAR   0000H  1
  UART_BRT_Use . . . . . . . . . . . .  MEMBER   -----  U_CHAR   0001H  1
  UART_BaudRate. . . . . . . . . . . .  MEMBER   -----  U_LONG   0002H  4
  Morecommunicate. . . . . . . . . . .  MEMBER   -----  U_CHAR   0006H  1
  UART_RxEnable. . . . . . . . . . . .  MEMBER   -----  U_CHAR   0007H  1
  BaudRateDouble . . . . . . . . . . .  MEMBER   -----  U_CHAR   0008H  1
  UART_Interrupt . . . . . . . . . . .  MEMBER   -----  U_CHAR   0009H  1
  UART_Polity. . . . . . . . . . . . .  MEMBER   -----  U_CHAR   000AH  1
  UART_P_SW. . . . . . . . . . . . . .  MEMBER   -----  U_CHAR   000BH  1
  UART_RXD_TXD_Short . . . . . . . . .  MEMBER   -----  U_CHAR   000CH  1
CLK_DIV. . . . . . . . . . . . . . . .  SFR      DATA   U_CHAR   0097H  1
IAP_ADDRH. . . . . . . . . . . . . . .  SFR      DATA   U_CHAR   00C3H  1
PS . . . . . . . . . . . . . . . . . .  ABSBIT   -----  BIT      00BCH  1
SP . . . . . . . . . . . . . . . . . .  SFR      DATA   U_CHAR   0081H  1
CMOD . . . . . . . . . . . . . . . . .  SFR      DATA   U_CHAR   00D9H  1
CCON . . . . . . . . . . . . . . . . .  SFR      DATA   U_CHAR   00D8H  1
IAP_ADDRL. . . . . . . . . . . . . . .  SFR      DATA   U_CHAR   00C4H  1
_OLED_ShowString . . . . . . . . . . .  EXTERN   CODE   PROC     -----  -----
PPCA . . . . . . . . . . . . . . . . .  ABSBIT   -----  BIT      00BFH  1
OV . . . . . . . . . . . . . . . . . .  ABSBIT   -----  BIT      00D2H  1
main . . . . . . . . . . . . . . . . .  PUBLIC   CODE   PROC     0000H  -----
  S1 . . . . . . . . . . . . . . . . .  AUTO     XDATA  U_INT    0000H  2
  S2 . . . . . . . . . . . . . . . . .  AUTO     XDATA  U_INT    0002H  2
  S3 . . . . . . . . . . . . . . . . .  AUTO     XDATA  U_INT    0004H  2
  S4 . . . . . . . . . . . . . . . . .  AUTO     XDATA  U_INT    0006H  2
  s1_buf . . . . . . . . . . . . . . .  AUTO     XDATA  ARRAY    0008H  10
CMPCR1 . . . . . . . . . . . . . . . .  SFR      DATA   U_CHAR   00E6H  1
CMPCR2 . . . . . . . . . . . . . . . .  SFR      DATA   U_CHAR   00E7H  1
ELVD . . . . . . . . . . . . . . . . .  ABSBIT   -----  BIT      00AEH  1
P00. . . . . . . . . . . . . . . . . .  ABSBIT   -----  BIT      0080H  1
ADC_CONTR. . . . . . . . . . . . . . .  SFR      DATA   U_CHAR   00BCH  1
SBUF . . . . . . . . . . . . . . . . .  SFR      DATA   U_CHAR   0099H  1
PCON . . . . . . . . . . . . . . . . .  SFR      DATA   U_CHAR   0087H  1
C51 COMPILER V9.60.7.0   MAIN                                                              12/19/2023 11:49:39 PAGE 7   

NAME                                    CLASS   MSPACE  TYPE    OFFSET  SIZE
====                                    =====   ======  ====    ======  ====


P10. . . . . . . . . . . . . . . . . .  ABSBIT   -----  BIT      0090H  1
P01. . . . . . . . . . . . . . . . . .  ABSBIT   -----  BIT      0081H  1
P20. . . . . . . . . . . . . . . . . .  ABSBIT   -----  BIT      00A0H  1
P11. . . . . . . . . . . . . . . . . .  ABSBIT   -----  BIT      0091H  1
P02. . . . . . . . . . . . . . . . . .  ABSBIT   -----  BIT      0082H  1
_DelayMs . . . . . . . . . . . . . . .  EXTERN   CODE   PROC     -----  -----
P30. . . . . . . . . . . . . . . . . .  ABSBIT   -----  BIT      00B0H  1
P21. . . . . . . . . . . . . . . . . .  ABSBIT   -----  BIT      00A1H  1
P12. . . . . . . . . . . . . . . . . .  ABSBIT   -----  BIT      0092H  1
P03. . . . . . . . . . . . . . . . . .  ABSBIT   -----  BIT      0083H  1
SPINTURNLEFT . . . . . . . . . . . . .  E_CONST  -----  U_CHAR   -----  1
SCON . . . . . . . . . . . . . . . . .  SFR      DATA   U_CHAR   0098H  1
P40. . . . . . . . . . . . . . . . . .  ABSBIT   -----  BIT      00C0H  1
P31. . . . . . . . . . . . . . . . . .  ABSBIT   -----  BIT      00B1H  1
P22. . . . . . . . . . . . . . . . . .  ABSBIT   -----  BIT      00A2H  1
P13. . . . . . . . . . . . . . . . . .  ABSBIT   -----  BIT      0093H  1
P04. . . . . . . . . . . . . . . . . .  ABSBIT   -----  BIT      0084H  1
TMOD . . . . . . . . . . . . . . . . .  SFR      DATA   U_CHAR   0089H  1
TCON . . . . . . . . . . . . . . . . .  SFR      DATA   U_CHAR   0088H  1
P50. . . . . . . . . . . . . . . . . .  ABSBIT   -----  BIT      00C8H  1
P41. . . . . . . . . . . . . . . . . .  ABSBIT   -----  BIT      00C1H  1
P32. . . . . . . . . . . . . . . . . .  ABSBIT   -----  BIT      00B2H  1
P23. . . . . . . . . . . . . . . . . .  ABSBIT   -----  BIT      00A3H  1
P14. . . . . . . . . . . . . . . . . .  ABSBIT   -----  BIT      0094H  1
P05. . . . . . . . . . . . . . . . . .  ABSBIT   -----  BIT      0085H  1
P60. . . . . . . . . . . . . . . . . .  ABSBIT   -----  BIT      00E8H  1
P51. . . . . . . . . . . . . . . . . .  ABSBIT   -----  BIT      00C9H  1
P42. . . . . . . . . . . . . . . . . .  ABSBIT   -----  BIT      00C2H  1
P33. . . . . . . . . . . . . . . . . .  ABSBIT   -----  BIT      00B3H  1
P24. . . . . . . . . . . . . . . . . .  ABSBIT   -----  BIT      00A4H  1
P15. . . . . . . . . . . . . . . . . .  ABSBIT   -----  BIT      0095H  1
P06. . . . . . . . . . . . . . . . . .  ABSBIT   -----  BIT      0086H  1
PLVD . . . . . . . . . . . . . . . . .  ABSBIT   -----  BIT      00BEH  1
P70. . . . . . . . . . . . . . . . . .  ABSBIT   -----  BIT      00F8H  1
P61. . . . . . . . . . . . . . . . . .  ABSBIT   -----  BIT      00E9H  1
P52. . . . . . . . . . . . . . . . . .  ABSBIT   -----  BIT      00CAH  1
P43. . . . . . . . . . . . . . . . . .  ABSBIT   -----  BIT      00C3H  1
P34. . . . . . . . . . . . . . . . . .  ABSBIT   -----  BIT      00B4H  1
P25. . . . . . . . . . . . . . . . . .  ABSBIT   -----  BIT      00A5H  1
P16. . . . . . . . . . . . . . . . . .  ABSBIT   -----  BIT      0096H  1
P07. . . . . . . . . . . . . . . . . .  ABSBIT   -----  BIT      0087H  1
P71. . . . . . . . . . . . . . . . . .  ABSBIT   -----  BIT      00F9H  1
P62. . . . . . . . . . . . . . . . . .  ABSBIT   -----  BIT      00EAH  1
P53. . . . . . . . . . . . . . . . . .  ABSBIT   -----  BIT      00CBH  1
P44. . . . . . . . . . . . . . . . . .  ABSBIT   -----  BIT      00C4H  1
P35. . . . . . . . . . . . . . . . . .  ABSBIT   -----  BIT      00B5H  1
P26. . . . . . . . . . . . . . . . . .  ABSBIT   -----  BIT      00A6H  1
P17. . . . . . . . . . . . . . . . . .  ABSBIT   -----  BIT      0097H  1
P72. . . . . . . . . . . . . . . . . .  ABSBIT   -----  BIT      00FAH  1
P63. . . . . . . . . . . . . . . . . .  ABSBIT   -----  BIT      00EBH  1
P54. . . . . . . . . . . . . . . . . .  ABSBIT   -----  BIT      00CCH  1
P45. . . . . . . . . . . . . . . . . .  ABSBIT   -----  BIT      00C5H  1
P36. . . . . . . . . . . . . . . . . .  ABSBIT   -----  BIT      00B6H  1
P27. . . . . . . . . . . . . . . . . .  ABSBIT   -----  BIT      00A7H  1
_Usart1_Init . . . . . . . . . . . . .  EXTERN   CODE   PROC     -----  -----
P73. . . . . . . . . . . . . . . . . .  ABSBIT   -----  BIT      00FBH  1
P64. . . . . . . . . . . . . . . . . .  ABSBIT   -----  BIT      00ECH  1
C51 COMPILER V9.60.7.0   MAIN                                                              12/19/2023 11:49:39 PAGE 8   

NAME                                    CLASS   MSPACE  TYPE    OFFSET  SIZE
====                                    =====   ======  ====    ======  ====


P55. . . . . . . . . . . . . . . . . .  ABSBIT   -----  BIT      00CDH  1
P46. . . . . . . . . . . . . . . . . .  ABSBIT   -----  BIT      00C6H  1
P37. . . . . . . . . . . . . . . . . .  ABSBIT   -----  BIT      00B7H  1
P74. . . . . . . . . . . . . . . . . .  ABSBIT   -----  BIT      00FCH  1
P65. . . . . . . . . . . . . . . . . .  ABSBIT   -----  BIT      00EDH  1
P56. . . . . . . . . . . . . . . . . .  ABSBIT   -----  BIT      00CEH  1
P47. . . . . . . . . . . . . . . . . .  ABSBIT   -----  BIT      00C7H  1
P75. . . . . . . . . . . . . . . . . .  ABSBIT   -----  BIT      00FDH  1
P66. . . . . . . . . . . . . . . . . .  ABSBIT   -----  BIT      00EEH  1
P57. . . . . . . . . . . . . . . . . .  ABSBIT   -----  BIT      00CFH  1
P76. . . . . . . . . . . . . . . . . .  ABSBIT   -----  BIT      00FEH  1
P67. . . . . . . . . . . . . . . . . .  ABSBIT   -----  BIT      00EFH  1
IE0. . . . . . . . . . . . . . . . . .  ABSBIT   -----  BIT      0089H  1
BUS_SPEED. . . . . . . . . . . . . . .  SFR      DATA   U_CHAR   00A1H  1
P77. . . . . . . . . . . . . . . . . .  ABSBIT   -----  BIT      00FFH  1
IE1. . . . . . . . . . . . . . . . . .  ABSBIT   -----  BIT      008BH  1
IE2. . . . . . . . . . . . . . . . . .  SFR      DATA   U_CHAR   00AFH  1
AUXR . . . . . . . . . . . . . . . . .  SFR      DATA   U_CHAR   008EH  1
B. . . . . . . . . . . . . . . . . . .  SFR      DATA   U_CHAR   00F0H  1
_?ix1000 . . . . . . . . . . . . . . .  STATIC   CODE   ARRAY    0006H  10
IAP_CONTR. . . . . . . . . . . . . . .  SFR      DATA   U_CHAR   00C7H  1
SysTick_Init . . . . . . . . . . . . .  EXTERN   CODE   PROC     -----  -----
PWMCFG . . . . . . . . . . . . . . . .  SFR      DATA   U_CHAR   00F1H  1
STOP . . . . . . . . . . . . . . . . .  E_CONST  -----  U_CHAR   -----  1
ACC. . . . . . . . . . . . . . . . . .  SFR      DATA   U_CHAR   00E0H  1
ET0. . . . . . . . . . . . . . . . . .  ABSBIT   -----  BIT      00A9H  1
TF0. . . . . . . . . . . . . . . . . .  ABSBIT   -----  BIT      008DH  1
ET1. . . . . . . . . . . . . . . . . .  ABSBIT   -----  BIT      00ABH  1
TURNRIGHT. . . . . . . . . . . . . . .  E_CONST  -----  U_CHAR   -----  1
TF1. . . . . . . . . . . . . . . . . .  ABSBIT   -----  BIT      008FH  1
IP2. . . . . . . . . . . . . . . . . .  SFR      DATA   U_CHAR   00B5H  1
RB8. . . . . . . . . . . . . . . . . .  ABSBIT   -----  BIT      009AH  1
TH0. . . . . . . . . . . . . . . . . .  SFR      DATA   U_CHAR   008CH  1
TH1. . . . . . . . . . . . . . . . . .  SFR      DATA   U_CHAR   008DH  1
IT0. . . . . . . . . . . . . . . . . .  ABSBIT   -----  BIT      0088H  1
EX0. . . . . . . . . . . . . . . . . .  ABSBIT   -----  BIT      00A8H  1
TB8. . . . . . . . . . . . . . . . . .  ABSBIT   -----  BIT      009BH  1
T2H. . . . . . . . . . . . . . . . . .  SFR      DATA   U_CHAR   00D6H  1
IT1. . . . . . . . . . . . . . . . . .  ABSBIT   -----  BIT      008AH  1
EX1. . . . . . . . . . . . . . . . . .  ABSBIT   -----  BIT      00AAH  1
uint8_t. . . . . . . . . . . . . . . .  TYPEDEF  -----  U_CHAR   -----  1
T3H. . . . . . . . . . . . . . . . . .  SFR      DATA   U_CHAR   00D4H  1
P. . . . . . . . . . . . . . . . . . .  ABSBIT   -----  BIT      00D0H  1
SM0. . . . . . . . . . . . . . . . . .  ABSBIT   -----  BIT      009FH  1
T4H. . . . . . . . . . . . . . . . . .  SFR      DATA   U_CHAR   00D2H  1
TL0. . . . . . . . . . . . . . . . . .  SFR      DATA   U_CHAR   008AH  1
SM1. . . . . . . . . . . . . . . . . .  ABSBIT   -----  BIT      009EH  1
TL1. . . . . . . . . . . . . . . . . .  SFR      DATA   U_CHAR   008BH  1
SM2. . . . . . . . . . . . . . . . . .  ABSBIT   -----  BIT      009DH  1
T2L. . . . . . . . . . . . . . . . . .  SFR      DATA   U_CHAR   00D7H  1
T3L. . . . . . . . . . . . . . . . . .  SFR      DATA   U_CHAR   00D5H  1
T4L. . . . . . . . . . . . . . . . . .  SFR      DATA   U_CHAR   00D3H  1
PT0. . . . . . . . . . . . . . . . . .  ABSBIT   -----  BIT      00B9H  1
PT1. . . . . . . . . . . . . . . . . .  ABSBIT   -----  BIT      00BBH  1
RS0. . . . . . . . . . . . . . . . . .  ABSBIT   -----  BIT      00D3H  1
IAP_DATA . . . . . . . . . . . . . . .  SFR      DATA   U_CHAR   00C2H  1
TR0. . . . . . . . . . . . . . . . . .  ABSBIT   -----  BIT      008CH  1
C51 COMPILER V9.60.7.0   MAIN                                                              12/19/2023 11:49:39 PAGE 9   

NAME                                    CLASS   MSPACE  TYPE    OFFSET  SIZE
====                                    =====   ======  ====    ======  ====


RS1. . . . . . . . . . . . . . . . . .  ABSBIT   -----  BIT      00D4H  1
TR1. . . . . . . . . . . . . . . . . .  ABSBIT   -----  BIT      008EH  1
WDT_CONTR. . . . . . . . . . . . . . .  SFR      DATA   U_CHAR   00C1H  1
PX0. . . . . . . . . . . . . . . . . .  ABSBIT   -----  BIT      00B8H  1
PX1. . . . . . . . . . . . . . . . . .  ABSBIT   -----  BIT      00BAH  1
PCA_PWM0 . . . . . . . . . . . . . . .  SFR      DATA   U_CHAR   00F2H  1
PCA_PWM1 . . . . . . . . . . . . . . .  SFR      DATA   U_CHAR   00F3H  1
PCA_PWM2 . . . . . . . . . . . . . . .  SFR      DATA   U_CHAR   00F4H  1
P1ASF. . . . . . . . . . . . . . . . .  SFR      DATA   U_CHAR   009DH  1
DPH. . . . . . . . . . . . . . . . . .  SFR      DATA   U_CHAR   0083H  1
_Get_TrackSensor_State . . . . . . . .  EXTERN   CODE   PROC     -----  -----
GPIO_InitTypeDef . . . . . . . . . . .  TYPEDEF  -----  STRUCT   -----  2
  GPIO_Mode. . . . . . . . . . . . . .  MEMBER   -----  U_CHAR   0000H  1
  GPIO_Pin . . . . . . . . . . . . . .  MEMBER   -----  U_CHAR   0001H  1
T3T4M. . . . . . . . . . . . . . . . .  SFR      DATA   U_CHAR   00D1H  1
T4T3M. . . . . . . . . . . . . . . . .  SFR      DATA   U_CHAR   00D1H  1
Motor_PWM_Init . . . . . . . . . . . .  EXTERN   CODE   PROC     -----  -----
ADC_RESL . . . . . . . . . . . . . . .  SFR      DATA   U_CHAR   00BEH  1
DPL. . . . . . . . . . . . . . . . . .  SFR      DATA   U_CHAR   0082H  1
SPSTAT . . . . . . . . . . . . . . . .  SFR      DATA   U_CHAR   00CDH  1
S2BUF. . . . . . . . . . . . . . . . .  SFR      DATA   U_CHAR   009BH  1
S3BUF. . . . . . . . . . . . . . . . .  SFR      DATA   U_CHAR   00ADH  1
S4BUF. . . . . . . . . . . . . . . . .  SFR      DATA   U_CHAR   0085H  1
REN. . . . . . . . . . . . . . . . . .  ABSBIT   -----  BIT      009CH  1
S2CON. . . . . . . . . . . . . . . . .  SFR      DATA   U_CHAR   009AH  1
S3CON. . . . . . . . . . . . . . . . .  SFR      DATA   U_CHAR   00ACH  1
S4CON. . . . . . . . . . . . . . . . .  SFR      DATA   U_CHAR   0084H  1
SADEN. . . . . . . . . . . . . . . . .  SFR      DATA   U_CHAR   00B9H  1
OLED_Clear . . . . . . . . . . . . . .  EXTERN   CODE   PROC     -----  -----
SADDR. . . . . . . . . . . . . . . . .  SFR      DATA   U_CHAR   00A9H  1
IAP_TRIG . . . . . . . . . . . . . . .  SFR      DATA   U_CHAR   00C6H  1
AUXR1. . . . . . . . . . . . . . . . .  SFR      DATA   U_CHAR   00A2H  1
F0 . . . . . . . . . . . . . . . . . .  ABSBIT   -----  BIT      00D5H  1
INT_CLKO . . . . . . . . . . . . . . .  SFR      DATA   U_CHAR   008FH  1
F1 . . . . . . . . . . . . . . . . . .  ABSBIT   -----  BIT      00D1H  1
TURNLEFT . . . . . . . . . . . . . . .  E_CONST  -----  U_CHAR   -----  1
PSW. . . . . . . . . . . . . . . . . .  SFR      DATA   U_CHAR   00D0H  1
IR_Track_GPIO_Init . . . . . . . . . .  EXTERN   CODE   PROC     -----  -----
uint32_t . . . . . . . . . . . . . . .  TYPEDEF  -----  U_LONG   -----  4
CCF0 . . . . . . . . . . . . . . . . .  ABSBIT   -----  BIT      00D8H  1
CCF1 . . . . . . . . . . . . . . . . .  ABSBIT   -----  BIT      00D9H  1
SPDAT. . . . . . . . . . . . . . . . .  SFR      DATA   U_CHAR   00CFH  1
P0M0 . . . . . . . . . . . . . . . . .  SFR      DATA   U_CHAR   0094H  1


MODULE INFORMATION:   STATIC OVERLAYABLE
   CODE SIZE        =    144    ----
   CONSTANT SIZE    =     16    ----
   XDATA SIZE       =   ----      18
   PDATA SIZE       =   ----    ----
   DATA SIZE        =   ----    ----
   IDATA SIZE       =   ----    ----
   BIT SIZE         =   ----    ----
   EDATA SIZE       =   ----    ----
   HDATA SIZE       =   ----    ----
   XDATA CONST SIZE =   ----    ----
   FAR CONST SIZE   =   ----    ----
END OF MODULE INFORMATION.

C51 COMPILER V9.60.7.0   MAIN                                                              12/19/2023 11:49:39 PAGE 10  


C51 COMPILATION COMPLETE.  0 WARNING(S),  0 ERROR(S)
