C51 COMPILER V9.60.7.0   A14_BUZZER                                                        12/26/2023 17:59:56 PAGE 1   


C51 COMPILER V9.60.7.0, COMPILATION OF MODULE A14_BUZZER
OBJECT MODULE PLACED IN .\Objects\A14_buzzer.obj
COMPILER INVOKED BY: C:\Keil_v5\C51\BIN\C51.EXE Driver\A14_buzzer.c LARGE OPTIMIZE(8,SPEED) BROWSE INCDIR(.\User;.\Syste
                    -m) DEBUG OBJECTEXTEND PRINT(.\Listings\A14_buzzer.lst) TABS(2) OBJECT(.\Objects\A14_buzzer.obj)

line level    source

   1          #include "global.h"                  // Device heade
   2          
   3          void Buzzer_GPIO_Init(void) {
   4   1          GPIO_InitTypeDef GPIO_InitStructure;
   5   1          GPIO_InitStructure.GPIO_Pin = BUZZER_PIN;
   6   1          GPIO_InitStructure.GPIO_Mode = GPIO_PullUp;
   7   1          GPIO_Init(BUZZER_PORT, &GPIO_InitStructure);
   8   1      
   9   1      }
  10          
  11          void Buzzer_TurnOn(uint8_t on) {
  12   1          if (!on) {
  13   2              GPIO_SetBits(BUZZER_PORT, BUZZER_PIN);
  14   2          } else {
  15   2              GPIO_ResetBits(BUZZER_PORT, BUZZER_PIN);
  16   2          }
  17   1      }


MODULE INFORMATION:   STATIC OVERLAYABLE
   CODE SIZE        =     36    ----
   CONSTANT SIZE    =   ----    ----
   XDATA SIZE       =   ----       2
   PDATA SIZE       =   ----    ----
   DATA SIZE        =   ----    ----
   IDATA SIZE       =   ----    ----
   BIT SIZE         =   ----    ----
END OF MODULE INFORMATION.


C51 COMPILATION COMPLETE.  0 WARNING(S),  0 ERROR(S)
