C51 COMPILER V9.60.7.0   MAIN                                                              12/26/2023 17:57:10 PAGE 1   


C51 COMPILER V9.60.7.0, COMPILATION OF MODULE MAIN
OBJECT MODULE PLACED IN .\Objects\main.obj
COMPILER INVOKED BY: C:\Keil_v5\C51\BIN\C51.EXE User\main.c LARGE OPTIMIZE(8,SPEED) BROWSE INCDIR(.\User;.\System) DEBUG
                    - OBJECTEXTEND PRINT(.\Listings\main.lst) TABS(2) OBJECT(.\Objects\main.obj)

line level    source

   1          #include "global.h"
   2          
   3          void System_Init(void) {
   4   1          SysTick_Init();
   5   1          DelayMs(1);
   6   1          Motor_PWM_Init();
   7   1          OLED_Init();
   8   1          OLED_ShowString(1, 1, "Initing...");
   9   1          Usart1_Init(9600);
  10   1          Buzzer_GPIO_Init();
  11   1          // IR_Track_GPIO_Init();
  12   1          // IR_Avoid_GPIO_Init();
  13   1          Ultrasound_Init();
  14   1          Ultrasound_PCA_SoftTimer_Init();
  15   1          DelayMs(100);
  16   1      }
  17          
  18          avoid_test() { // ±‹’œ≤‚ ‘
  19   1          char xdata oled_buf[16] = {0};
  20   1          uint16_t LLL = 1, FFF = 1;
  21   1          while (1) {
  22   2              Get_AvoidSensor_State(&LLL, &FFF);
  23   2              if (FFF==0) // «∞”–
  24   2              {
  25   3                  OLED_ShowString(1, 1, "F:0 R:0");
  26   3                  // Motor_Run(STOP, PWM_DUTY / 100 * 100);
  27   3                  Motor_Run(SPINTURNRIGHT, PWM_DUTY / 100 * 100);
  28   3                  DelayMs(450);
  29   3                  Motor_Run(STOP, PWM_DUTY / 100 * 100);
  30   3              }
  31   2              else if (LLL==0 && FFF==1) // ◊Û”–£¨«∞Œﬁ
  32   2              {
  33   3                  OLED_ShowString(1, 1, "F:0 R:1");
  34   3                  Motor_Run(TURNRIGHT, PWM_DUTY / 100 * 80);
  35   3              }
  36   2              else if (LLL==1 && FFF==1) //ø’
  37   2              {
  38   3                  OLED_ShowString(1, 1, "F:1 R:1");
  39   3                  /*Motor_Run(FORWARD, PWM_DUTY / 100 * 100);
  40   3                  DelayMs(150);
  41   3                  // µ±◊Ûø’ ± º÷’◊Û◊™
  42   3                  do
  43   3                  {
  44   3                      Get_AvoidSensor_State(&LLL, &FFF);
  45   3                      Motor_Run(TURNLEFT, PWM_DUTY / 100 * 70);
  46   3                  } while (LLL==1 && FFF==1);*/
  47   3                  DelayMs(100);
  48   3                  Motor_Run(TURNLEFT, PWM_DUTY / 100 * 80);
  49   3      
  50   3              }
  51   2      
  52   2              OLED_ShowString(1, 1, "F:");
  53   2              OLED_ShowString(1, 14, "R:");
  54   2      
C51 COMPILER V9.60.7.0   MAIN                                                              12/26/2023 17:57:10 PAGE 2   

  55   2              DelayMs(50);
  56   2          }
  57   1      }
  58          
  59          void main(void) {
  60   1          // float dis = 0.0;
  61   1          // char xdata oled_buf[16] = {0};
  62   1          System_Init();
  63   1          DelayMs(1000);
  64   1          OLED_Clear();
  65   1          /*//∑‰√˘∆˜≤‚ ‘
  66   1          DelayMs(1000);
  67   1          Buzzer_TurnOn(1);
  68   1          OLED_ShowString(4, 1, "buzzING");
  69   1          DelayMs(1000);
  70   1          Buzzer_TurnOn(0);
  71   1          OLED_Clear();
  72   1          OLED_ShowString(4, 1, "Nop");*/
  73   1      
  74   1          //—≠º£≤‚ ‘
  75   1          while (1) {
  76   2              // get_action_old();
  77   2              Get_Action();
  78   2              // get_action_single();
  79   2          }
  80   1      
  81   1          /*// ±‹’œ≤‚ ‘
  82   1          avoid_test();*/
  83   1      
  84   1          /*//≥¨…˘≤®≤‚ ‘
  85   1          while (1) {
  86   1              //œ‘ æµΩOLED
  87   1              dis = Get_DistanceValue();
  88   1              sprintf(oled_buf, "%0.1fCM", dis);
  89   1              OLED_ShowString(1, 1, oled_buf);
  90   1                      OLED_ShowString(3, 1, "AAA");
  91   1              DelayMs(1000);
  92   1          }*/
  93   1      
  94   1      }


MODULE INFORMATION:   STATIC OVERLAYABLE
   CODE SIZE        =    305    ----
   CONSTANT SIZE    =     57    ----
   XDATA SIZE       =   ----      20
   PDATA SIZE       =   ----    ----
   DATA SIZE        =   ----    ----
   IDATA SIZE       =   ----    ----
   BIT SIZE         =   ----    ----
END OF MODULE INFORMATION.


C51 COMPILATION COMPLETE.  0 WARNING(S),  0 ERROR(S)
