C51 COMPILER V9.60.7.0   OLED                                                              12/20/2023 11:03:56 PAGE 1   


C51 COMPILER V9.60.7.0, COMPILATION OF MODULE OLED
OBJECT MODULE PLACED IN .\Objects\OLED.obj
COMPILER INVOKED BY: C:\Keil_v5\C51\BIN\C51.EXE Driver\OLED.c LARGE OPTIMIZE(8,SPEED) BROWSE INCDIR(.\User;.\System) DEB
                    -UG OBJECTEXTEND PRINT(.\Listings\OLED.lst) TABS(2) OBJECT(.\Objects\OLED.obj)

line level    source

   1          #include "global.h"                  // Device heade
   2          
   3          /*引脚配置*/
   4          static void OLED_W_SCL(uint8_t x) {
   5   1        if(x) P25 = 1;
   6   1        else  P25 = 0;
   7   1      }
   8          static void OLED_W_SDA(uint8_t x) {
   9   1        if(x) P24 = 1;
  10   1        else  P24 = 0;
  11   1      }
  12          const uint8_t code OLED_F8x16[][16];
  13          
  14          /*引脚初始化*/
  15          static void OLED_GPIO_Init(void)
  16          {
  17   1        GPIO_InitTypeDef GPIO_InitStructure;
  18   1      
  19   1        GPIO_InitStructure.GPIO_Mode = GPIO_PullUp;
  20   1        GPIO_InitStructure.GPIO_Pin = GPIO_Pin_5;
  21   1        GPIO_Init(GPIO_P2, &GPIO_InitStructure);
  22   1      
  23   1        GPIO_InitStructure.GPIO_Mode = GPIO_PullUp;
  24   1        GPIO_InitStructure.GPIO_Pin = GPIO_Pin_4;
  25   1        GPIO_Init(GPIO_P2, &GPIO_InitStructure);
  26   1      
  27   1        OLED_W_SCL(1);
  28   1        OLED_W_SDA(1);
  29   1      }
  30          
  31          
  32          /**
  33            * @brief  I2C开始
  34            * @param  无
  35            * @retval 无
  36            */
  37          static void OLED_I2C_Start(void)
  38          {
  39   1        OLED_W_SDA(1);
  40   1        OLED_W_SCL(1);
  41   1        OLED_W_SDA(0);
  42   1        OLED_W_SCL(0);
  43   1      }
  44          
  45          /**
  46            * @brief  I2C停止
  47            * @param  无
  48            * @retval 无
  49            */
  50          static void OLED_I2C_Stop(void)
  51          {
  52   1        OLED_W_SDA(0);
  53   1        OLED_W_SCL(1);
  54   1        OLED_W_SDA(1);
C51 COMPILER V9.60.7.0   OLED                                                              12/20/2023 11:03:56 PAGE 2   

  55   1      }
  56          
  57          /**
  58            * @brief  I2C发送一个字节
  59            * @param  Byte 要发送的一个字节
  60            * @retval 无
  61            */
  62          static void OLED_I2C_SendByte(uint8_t Byte)
  63          {
  64   1        uint8_t i;
  65   1        for (i = 0; i < 8; i++)
  66   1        {
  67   2          OLED_W_SDA(Byte & (0x80 >> i));
  68   2          OLED_W_SCL(1);
  69   2          OLED_W_SCL(0);
  70   2        }
  71   1        OLED_W_SCL(1);  //额外的一个时钟，不处理应答信号
  72   1        OLED_W_SCL(0);
  73   1      }
  74          
  75          /**
  76            * @brief  OLED写命令
  77            * @param  Command 要写入的命令
  78            * @retval 无
  79            */
  80          static void OLED_WriteCommand(uint8_t Command)
  81          {
  82   1        OLED_I2C_Start();
  83   1        OLED_I2C_SendByte(0x78);    //从机地址
  84   1        OLED_I2C_SendByte(0x00);    //写命令
  85   1        OLED_I2C_SendByte(Command);
  86   1        OLED_I2C_Stop();
  87   1      }
  88          
  89          /**
  90            * @brief  OLED写数据
  91            * @param  Data 要写入的数据
  92            * @retval 无
  93            */
  94          static void OLED_WriteData(uint8_t Data)
  95          {
  96   1        OLED_I2C_Start();
  97   1        OLED_I2C_SendByte(0x78);    //从机地址
  98   1        OLED_I2C_SendByte(0x40);    //写数据
  99   1        OLED_I2C_SendByte(Data);
 100   1        OLED_I2C_Stop();
 101   1      }
 102          
 103          /**
 104            * @brief  OLED设置光标位置
 105            * @param  Y 以左上角为原点，向下方向的坐标，范围：0~7
 106            * @param  X 以左上角为原点，向右方向的坐标，范围：0~127
 107            * @retval 无
 108            */
 109          static void OLED_SetCursor(uint8_t Y, uint8_t X)
 110          {
 111   1        OLED_WriteCommand(0xB0 | Y);          //设置Y位置
 112   1        OLED_WriteCommand(0x10 | ((X & 0xF0) >> 4));  //设置X位置高4位
 113   1        OLED_WriteCommand(0x00 | (X & 0x0F));     //设置X位置低4位
 114   1      }
 115          
 116          /**
C51 COMPILER V9.60.7.0   OLED                                                              12/20/2023 11:03:56 PAGE 3   

 117            * @brief  OLED清屏
 118            * @param  无
 119            * @retval 无
 120            */
 121          void OLED_Clear(void)
 122          {
 123   1        uint8_t i, j;
 124   1        for (j = 0; j < 8; j++)
 125   1        {
 126   2          OLED_SetCursor(j, 0);
 127   2          for(i = 0; i < 128; i++)
 128   2          {
 129   3            OLED_WriteData(0x00);
 130   3          }
 131   2        }
 132   1      }
 133          
 134          /**
 135            * @brief  OLED显示一个字符
 136            * @param  Line 行位置，范围：1~4
 137            * @param  Column 列位置，范围：1~16
 138            * @param  Char 要显示的一个字符，范围：ASCII可见字符
 139            * @retval 无
 140            */
 141          void OLED_ShowChar(uint8_t Line, uint8_t Column, char Char)
 142          {
 143   1        uint8_t i;
 144   1        OLED_SetCursor((Line - 1) * 2, (Column - 1) * 8);   //设置光标位置在上半部分
 145   1        for (i = 0; i < 8; i++)
 146   1        {
 147   2          OLED_WriteData(OLED_F8x16[Char - ' '][i]);      //显示上半部分内容
 148   2        }
 149   1        OLED_SetCursor((Line - 1) * 2 + 1, (Column - 1) * 8); //设置光标位置在下半部分
 150   1        for (i = 0; i < 8; i++)
 151   1        {
 152   2          OLED_WriteData(OLED_F8x16[Char - ' '][i + 8]);    //显示下半部分内容
 153   2        }
 154   1      }
 155          
 156          /**
 157            * @brief  OLED显示字符串
 158            * @param  Line 起始行位置，范围：1~4
 159            * @param  Column 起始列位置，范围：1~16
 160            * @param  String 要显示的字符串，范围：ASCII可见字符
 161            * @retval 无
 162            */
 163          void OLED_ShowString(uint8_t Line, uint8_t Column, char *String)
 164          {
 165   1        uint8_t i;
 166   1        for (i = 0; String[i] != '\0'; i++)
 167   1        {
 168   2          OLED_ShowChar(Line, Column + i, String[i]);
 169   2        }
 170   1      }
 171          
 172          /**
 173            * @brief  OLED初始化
 174            * @param  无
 175            * @retval 无
 176            */
 177          void OLED_Init(void)
 178          {
C51 COMPILER V9.60.7.0   OLED                                                              12/20/2023 11:03:56 PAGE 4   

 179   1        OLED_GPIO_Init();     //端口初始化
 180   1      
 181   1        OLED_WriteCommand(0xAE);  //关闭显示
 182   1      
 183   1        OLED_WriteCommand(0xD5);  //设置显示时钟分频比/振荡器频率
 184   1        OLED_WriteCommand(0x80);
 185   1      
 186   1        OLED_WriteCommand(0xA8);  //设置多路复用率
 187   1        OLED_WriteCommand(0x3F);
 188   1      
 189   1        OLED_WriteCommand(0xD3);  //设置显示偏移
 190   1        OLED_WriteCommand(0x00);
 191   1      
 192   1        OLED_WriteCommand(0x40);  //设置显示开始行
 193   1      
 194   1        OLED_WriteCommand(0xA1);  //设置左右方向，0xA1正常 0xA0左右反置
 195   1      
 196   1        OLED_WriteCommand(0xC8);  //设置上下方向，0xC8正常 0xC0上下反置
 197   1      
 198   1        OLED_WriteCommand(0xDA);  //设置COM引脚硬件配置
 199   1        OLED_WriteCommand(0x12);
 200   1      
 201   1        OLED_WriteCommand(0x81);  //设置对比度控制
 202   1        OLED_WriteCommand(0xCF);
 203   1      
 204   1        OLED_WriteCommand(0xD9);  //设置预充电周期
 205   1        OLED_WriteCommand(0xF1);
 206   1      
 207   1        OLED_WriteCommand(0xDB);  //设置VCOMH取消选择级别
 208   1        OLED_WriteCommand(0x30);
 209   1      
 210   1        OLED_WriteCommand(0xA4);  //设置整个显示打开/关闭
 211   1      
 212   1        OLED_WriteCommand(0xA6);  //设置正常/倒转显示
 213   1      
 214   1        OLED_WriteCommand(0x8D);  //设置充电泵
 215   1        OLED_WriteCommand(0x14);
 216   1      
 217   1        OLED_WriteCommand(0xAF);  //开启显示
 218   1      
 219   1        OLED_Clear();       //OLED清屏
 220   1      }
 221          
 222          /*OLED字模库，宽8像素，高16像素*/
 223          const uint8_t code OLED_F8x16[][16]=
 224          {
 225            0x00,0x00,0x00,0x00,0x00,0x00,0x00,0x00,
 226            0x00,0x00,0x00,0x00,0x00,0x00,0x00,0x00,//  0
 227          
 228            0x00,0x00,0x00,0xF8,0x00,0x00,0x00,0x00,
 229            0x00,0x00,0x00,0x33,0x30,0x00,0x00,0x00,//! 1
 230          
 231            0x00,0x10,0x0C,0x06,0x10,0x0C,0x06,0x00,
 232            0x00,0x00,0x00,0x00,0x00,0x00,0x00,0x00,//" 2
 233          
 234            0x40,0xC0,0x78,0x40,0xC0,0x78,0x40,0x00,
 235            0x04,0x3F,0x04,0x04,0x3F,0x04,0x04,0x00,//# 3
 236          
 237            0x00,0x70,0x88,0xFC,0x08,0x30,0x00,0x00,
 238            0x00,0x18,0x20,0xFF,0x21,0x1E,0x00,0x00,//$ 4
 239          
 240            0xF0,0x08,0xF0,0x00,0xE0,0x18,0x00,0x00,
C51 COMPILER V9.60.7.0   OLED                                                              12/20/2023 11:03:56 PAGE 5   

 241            0x00,0x21,0x1C,0x03,0x1E,0x21,0x1E,0x00,//% 5
 242          
 243            0x00,0xF0,0x08,0x88,0x70,0x00,0x00,0x00,
 244            0x1E,0x21,0x23,0x24,0x19,0x27,0x21,0x10,//& 6
 245          
 246            0x10,0x16,0x0E,0x00,0x00,0x00,0x00,0x00,
 247            0x00,0x00,0x00,0x00,0x00,0x00,0x00,0x00,//' 7
 248          
 249            0x00,0x00,0x00,0xE0,0x18,0x04,0x02,0x00,
 250            0x00,0x00,0x00,0x07,0x18,0x20,0x40,0x00,//( 8
 251          
 252            0x00,0x02,0x04,0x18,0xE0,0x00,0x00,0x00,
 253            0x00,0x40,0x20,0x18,0x07,0x00,0x00,0x00,//) 9
 254          
 255            0x40,0x40,0x80,0xF0,0x80,0x40,0x40,0x00,
 256            0x02,0x02,0x01,0x0F,0x01,0x02,0x02,0x00,//* 10
 257          
 258            0x00,0x00,0x00,0xF0,0x00,0x00,0x00,0x00,
 259            0x01,0x01,0x01,0x1F,0x01,0x01,0x01,0x00,//+ 11
 260          
 261            0x00,0x00,0x00,0x00,0x00,0x00,0x00,0x00,
 262            0x80,0xB0,0x70,0x00,0x00,0x00,0x00,0x00,//, 12
 263          
 264            0x00,0x00,0x00,0x00,0x00,0x00,0x00,0x00,
 265            0x00,0x01,0x01,0x01,0x01,0x01,0x01,0x01,//- 13
 266          
 267            0x00,0x00,0x00,0x00,0x00,0x00,0x00,0x00,
 268            0x00,0x30,0x30,0x00,0x00,0x00,0x00,0x00,//. 14
 269          
 270            0x00,0x00,0x00,0x00,0x80,0x60,0x18,0x04,
 271            0x00,0x60,0x18,0x06,0x01,0x00,0x00,0x00,/// 15
 272          
 273            0x00,0xE0,0x10,0x08,0x08,0x10,0xE0,0x00,
 274            0x00,0x0F,0x10,0x20,0x20,0x10,0x0F,0x00,//0 16
 275          
 276            0x00,0x10,0x10,0xF8,0x00,0x00,0x00,0x00,
 277            0x00,0x20,0x20,0x3F,0x20,0x20,0x00,0x00,//1 17
 278          
 279            0x00,0x70,0x08,0x08,0x08,0x88,0x70,0x00,
 280            0x00,0x30,0x28,0x24,0x22,0x21,0x30,0x00,//2 18
 281          
 282            0x00,0x30,0x08,0x88,0x88,0x48,0x30,0x00,
 283            0x00,0x18,0x20,0x20,0x20,0x11,0x0E,0x00,//3 19
 284          
 285            0x00,0x00,0xC0,0x20,0x10,0xF8,0x00,0x00,
 286            0x00,0x07,0x04,0x24,0x24,0x3F,0x24,0x00,//4 20
 287          
 288            0x00,0xF8,0x08,0x88,0x88,0x08,0x08,0x00,
 289            0x00,0x19,0x21,0x20,0x20,0x11,0x0E,0x00,//5 21
 290          
 291            0x00,0xE0,0x10,0x88,0x88,0x18,0x00,0x00,
 292            0x00,0x0F,0x11,0x20,0x20,0x11,0x0E,0x00,//6 22
 293          
 294            0x00,0x38,0x08,0x08,0xC8,0x38,0x08,0x00,
 295            0x00,0x00,0x00,0x3F,0x00,0x00,0x00,0x00,//7 23
 296          
 297            0x00,0x70,0x88,0x08,0x08,0x88,0x70,0x00,
 298            0x00,0x1C,0x22,0x21,0x21,0x22,0x1C,0x00,//8 24
 299          
 300            0x00,0xE0,0x10,0x08,0x08,0x10,0xE0,0x00,
 301            0x00,0x00,0x31,0x22,0x22,0x11,0x0F,0x00,//9 25
 302          
C51 COMPILER V9.60.7.0   OLED                                                              12/20/2023 11:03:56 PAGE 6   

 303            0x00,0x00,0x00,0xC0,0xC0,0x00,0x00,0x00,
 304            0x00,0x00,0x00,0x30,0x30,0x00,0x00,0x00,//: 26
 305          
 306            0x00,0x00,0x00,0x80,0x00,0x00,0x00,0x00,
 307            0x00,0x00,0x80,0x60,0x00,0x00,0x00,0x00,//; 27
 308          
 309            0x00,0x00,0x80,0x40,0x20,0x10,0x08,0x00,
 310            0x00,0x01,0x02,0x04,0x08,0x10,0x20,0x00,//< 28
 311          
 312            0x40,0x40,0x40,0x40,0x40,0x40,0x40,0x00,
 313            0x04,0x04,0x04,0x04,0x04,0x04,0x04,0x00,//= 29
 314          
 315            0x00,0x08,0x10,0x20,0x40,0x80,0x00,0x00,
 316            0x00,0x20,0x10,0x08,0x04,0x02,0x01,0x00,//> 30
 317          
 318            0x00,0x70,0x48,0x08,0x08,0x08,0xF0,0x00,
 319            0x00,0x00,0x00,0x30,0x36,0x01,0x00,0x00,//? 31
 320          
 321            0xC0,0x30,0xC8,0x28,0xE8,0x10,0xE0,0x00,
 322            0x07,0x18,0x27,0x24,0x23,0x14,0x0B,0x00,//@ 32
 323          
 324            0x00,0x00,0xC0,0x38,0xE0,0x00,0x00,0x00,
 325            0x20,0x3C,0x23,0x02,0x02,0x27,0x38,0x20,//A 33
 326          
 327            0x08,0xF8,0x88,0x88,0x88,0x70,0x00,0x00,
 328            0x20,0x3F,0x20,0x20,0x20,0x11,0x0E,0x00,//B 34
 329          
 330            0xC0,0x30,0x08,0x08,0x08,0x08,0x38,0x00,
 331            0x07,0x18,0x20,0x20,0x20,0x10,0x08,0x00,//C 35
 332          
 333            0x08,0xF8,0x08,0x08,0x08,0x10,0xE0,0x00,
 334            0x20,0x3F,0x20,0x20,0x20,0x10,0x0F,0x00,//D 36
 335          
 336            0x08,0xF8,0x88,0x88,0xE8,0x08,0x10,0x00,
 337            0x20,0x3F,0x20,0x20,0x23,0x20,0x18,0x00,//E 37
 338          
 339            0x08,0xF8,0x88,0x88,0xE8,0x08,0x10,0x00,
 340            0x20,0x3F,0x20,0x00,0x03,0x00,0x00,0x00,//F 38
 341          
 342            0xC0,0x30,0x08,0x08,0x08,0x38,0x00,0x00,
 343            0x07,0x18,0x20,0x20,0x22,0x1E,0x02,0x00,//G 39
 344          
 345            0x08,0xF8,0x08,0x00,0x00,0x08,0xF8,0x08,
 346            0x20,0x3F,0x21,0x01,0x01,0x21,0x3F,0x20,//H 40
 347          
 348            0x00,0x08,0x08,0xF8,0x08,0x08,0x00,0x00,
 349            0x00,0x20,0x20,0x3F,0x20,0x20,0x00,0x00,//I 41
 350          
 351            0x00,0x00,0x08,0x08,0xF8,0x08,0x08,0x00,
 352            0xC0,0x80,0x80,0x80,0x7F,0x00,0x00,0x00,//J 42
 353          
 354            0x08,0xF8,0x88,0xC0,0x28,0x18,0x08,0x00,
 355            0x20,0x3F,0x20,0x01,0x26,0x38,0x20,0x00,//K 43
 356          
 357            0x08,0xF8,0x08,0x00,0x00,0x00,0x00,0x00,
 358            0x20,0x3F,0x20,0x20,0x20,0x20,0x30,0x00,//L 44
 359          
 360            0x08,0xF8,0xF8,0x00,0xF8,0xF8,0x08,0x00,
 361            0x20,0x3F,0x00,0x3F,0x00,0x3F,0x20,0x00,//M 45
 362          
 363            0x08,0xF8,0x30,0xC0,0x00,0x08,0xF8,0x08,
 364            0x20,0x3F,0x20,0x00,0x07,0x18,0x3F,0x00,//N 46
C51 COMPILER V9.60.7.0   OLED                                                              12/20/2023 11:03:56 PAGE 7   

 365          
 366            0xE0,0x10,0x08,0x08,0x08,0x10,0xE0,0x00,
 367            0x0F,0x10,0x20,0x20,0x20,0x10,0x0F,0x00,//O 47
 368          
 369            0x08,0xF8,0x08,0x08,0x08,0x08,0xF0,0x00,
 370            0x20,0x3F,0x21,0x01,0x01,0x01,0x00,0x00,//P 48
 371          
 372            0xE0,0x10,0x08,0x08,0x08,0x10,0xE0,0x00,
 373            0x0F,0x18,0x24,0x24,0x38,0x50,0x4F,0x00,//Q 49
 374          
 375            0x08,0xF8,0x88,0x88,0x88,0x88,0x70,0x00,
 376            0x20,0x3F,0x20,0x00,0x03,0x0C,0x30,0x20,//R 50
 377          
 378            0x00,0x70,0x88,0x08,0x08,0x08,0x38,0x00,
 379            0x00,0x38,0x20,0x21,0x21,0x22,0x1C,0x00,//S 51
 380          
 381            0x18,0x08,0x08,0xF8,0x08,0x08,0x18,0x00,
 382            0x00,0x00,0x20,0x3F,0x20,0x00,0x00,0x00,//T 52
 383          
 384            0x08,0xF8,0x08,0x00,0x00,0x08,0xF8,0x08,
 385            0x00,0x1F,0x20,0x20,0x20,0x20,0x1F,0x00,//U 53
 386          
 387            0x08,0x78,0x88,0x00,0x00,0xC8,0x38,0x08,
 388            0x00,0x00,0x07,0x38,0x0E,0x01,0x00,0x00,//V 54
 389          
 390            0xF8,0x08,0x00,0xF8,0x00,0x08,0xF8,0x00,
 391            0x03,0x3C,0x07,0x00,0x07,0x3C,0x03,0x00,//W 55
 392          
 393            0x08,0x18,0x68,0x80,0x80,0x68,0x18,0x08,
 394            0x20,0x30,0x2C,0x03,0x03,0x2C,0x30,0x20,//X 56
 395          
 396            0x08,0x38,0xC8,0x00,0xC8,0x38,0x08,0x00,
 397            0x00,0x00,0x20,0x3F,0x20,0x00,0x00,0x00,//Y 57
 398          
 399            0x10,0x08,0x08,0x08,0xC8,0x38,0x08,0x00,
 400            0x20,0x38,0x26,0x21,0x20,0x20,0x18,0x00,//Z 58
 401          
 402            0x00,0x00,0x00,0xFE,0x02,0x02,0x02,0x00,
 403            0x00,0x00,0x00,0x7F,0x40,0x40,0x40,0x00,//[ 59
 404          
 405            0x00,0x0C,0x30,0xC0,0x00,0x00,0x00,0x00,
 406            0x00,0x00,0x00,0x01,0x06,0x38,0xC0,0x00,//\ 60
 407          
 408            0x00,0x02,0x02,0x02,0xFE,0x00,0x00,0x00,
 409            0x00,0x40,0x40,0x40,0x7F,0x00,0x00,0x00,//] 61
 410          
 411            0x00,0x00,0x04,0x02,0x02,0x02,0x04,0x00,
 412            0x00,0x00,0x00,0x00,0x00,0x00,0x00,0x00,//^ 62
 413          
 414            0x00,0x00,0x00,0x00,0x00,0x00,0x00,0x00,
 415            0x80,0x80,0x80,0x80,0x80,0x80,0x80,0x80,//_ 63
 416          
 417            0x00,0x02,0x02,0x04,0x00,0x00,0x00,0x00,
 418            0x00,0x00,0x00,0x00,0x00,0x00,0x00,0x00,//` 64
 419          
 420            0x00,0x00,0x80,0x80,0x80,0x80,0x00,0x00,
 421            0x00,0x19,0x24,0x22,0x22,0x22,0x3F,0x20,//a 65
 422          
 423            0x08,0xF8,0x00,0x80,0x80,0x00,0x00,0x00,
 424            0x00,0x3F,0x11,0x20,0x20,0x11,0x0E,0x00,//b 66
 425          
 426            0x00,0x00,0x00,0x80,0x80,0x80,0x00,0x00,
C51 COMPILER V9.60.7.0   OLED                                                              12/20/2023 11:03:56 PAGE 8   

 427            0x00,0x0E,0x11,0x20,0x20,0x20,0x11,0x00,//c 67
 428          
 429            0x00,0x00,0x00,0x80,0x80,0x88,0xF8,0x00,
 430            0x00,0x0E,0x11,0x20,0x20,0x10,0x3F,0x20,//d 68
 431          
 432            0x00,0x00,0x80,0x80,0x80,0x80,0x00,0x00,
 433            0x00,0x1F,0x22,0x22,0x22,0x22,0x13,0x00,//e 69
 434          
 435            0x00,0x80,0x80,0xF0,0x88,0x88,0x88,0x18,
 436            0x00,0x20,0x20,0x3F,0x20,0x20,0x00,0x00,//f 70
 437          
 438            0x00,0x00,0x80,0x80,0x80,0x80,0x80,0x00,
 439            0x00,0x6B,0x94,0x94,0x94,0x93,0x60,0x00,//g 71
 440          
 441            0x08,0xF8,0x00,0x80,0x80,0x80,0x00,0x00,
 442            0x20,0x3F,0x21,0x00,0x00,0x20,0x3F,0x20,//h 72
 443          
 444            0x00,0x80,0x98,0x98,0x00,0x00,0x00,0x00,
 445            0x00,0x20,0x20,0x3F,0x20,0x20,0x00,0x00,//i 73
 446          
 447            0x00,0x00,0x00,0x80,0x98,0x98,0x00,0x00,
 448            0x00,0xC0,0x80,0x80,0x80,0x7F,0x00,0x00,//j 74
 449          
 450            0x08,0xF8,0x00,0x00,0x80,0x80,0x80,0x00,
 451            0x20,0x3F,0x24,0x02,0x2D,0x30,0x20,0x00,//k 75
 452          
 453            0x00,0x08,0x08,0xF8,0x00,0x00,0x00,0x00,
 454            0x00,0x20,0x20,0x3F,0x20,0x20,0x00,0x00,//l 76
 455          
 456            0x80,0x80,0x80,0x80,0x80,0x80,0x80,0x00,
 457            0x20,0x3F,0x20,0x00,0x3F,0x20,0x00,0x3F,//m 77
 458          
 459            0x80,0x80,0x00,0x80,0x80,0x80,0x00,0x00,
 460            0x20,0x3F,0x21,0x00,0x00,0x20,0x3F,0x20,//n 78
 461          
 462            0x00,0x00,0x80,0x80,0x80,0x80,0x00,0x00,
 463            0x00,0x1F,0x20,0x20,0x20,0x20,0x1F,0x00,//o 79
 464          
 465            0x80,0x80,0x00,0x80,0x80,0x00,0x00,0x00,
 466            0x80,0xFF,0xA1,0x20,0x20,0x11,0x0E,0x00,//p 80
 467          
 468            0x00,0x00,0x00,0x80,0x80,0x80,0x80,0x00,
 469            0x00,0x0E,0x11,0x20,0x20,0xA0,0xFF,0x80,//q 81
 470          
 471            0x80,0x80,0x80,0x00,0x80,0x80,0x80,0x00,
 472            0x20,0x20,0x3F,0x21,0x20,0x00,0x01,0x00,//r 82
 473          
 474            0x00,0x00,0x80,0x80,0x80,0x80,0x80,0x00,
 475            0x00,0x33,0x24,0x24,0x24,0x24,0x19,0x00,//s 83
 476          
 477            0x00,0x80,0x80,0xE0,0x80,0x80,0x00,0x00,
 478            0x00,0x00,0x00,0x1F,0x20,0x20,0x00,0x00,//t 84
 479          
 480            0x80,0x80,0x00,0x00,0x00,0x80,0x80,0x00,
 481            0x00,0x1F,0x20,0x20,0x20,0x10,0x3F,0x20,//u 85
 482          
 483            0x80,0x80,0x80,0x00,0x00,0x80,0x80,0x80,
 484            0x00,0x01,0x0E,0x30,0x08,0x06,0x01,0x00,//v 86
 485          
 486            0x80,0x80,0x00,0x80,0x00,0x80,0x80,0x80,
 487            0x0F,0x30,0x0C,0x03,0x0C,0x30,0x0F,0x00,//w 87
 488          
C51 COMPILER V9.60.7.0   OLED                                                              12/20/2023 11:03:56 PAGE 9   

 489            0x00,0x80,0x80,0x00,0x80,0x80,0x80,0x00,
 490            0x00,0x20,0x31,0x2E,0x0E,0x31,0x20,0x00,//x 88
 491          
 492            0x80,0x80,0x80,0x00,0x00,0x80,0x80,0x80,
 493            0x80,0x81,0x8E,0x70,0x18,0x06,0x01,0x00,//y 89
 494          
 495            0x00,0x80,0x80,0x80,0x80,0x80,0x80,0x00,
 496            0x00,0x21,0x30,0x2C,0x22,0x21,0x30,0x00,//z 90
 497          
 498            0x00,0x00,0x00,0x00,0x80,0x7C,0x02,0x02,
 499            0x00,0x00,0x00,0x00,0x00,0x3F,0x40,0x40,//{ 91
 500          
 501            0x00,0x00,0x00,0x00,0xFF,0x00,0x00,0x00,
 502            0x00,0x00,0x00,0x00,0xFF,0x00,0x00,0x00,//| 92
 503          
 504            0x00,0x02,0x02,0x7C,0x80,0x00,0x00,0x00,
 505            0x00,0x40,0x40,0x3F,0x00,0x00,0x00,0x00,//} 93
 506          
 507            0x00,0x06,0x01,0x01,0x02,0x02,0x04,0x04,
 508            0x00,0x00,0x00,0x00,0x00,0x00,0x00,0x00,//~ 94
 509          };
 510          
 511          


MODULE INFORMATION:   STATIC OVERLAYABLE
   CODE SIZE        =    593    ----
   CONSTANT SIZE    =   1520    ----
   XDATA SIZE       =   ----      12
   PDATA SIZE       =   ----    ----
   DATA SIZE        =   ----    ----
   IDATA SIZE       =   ----    ----
   BIT SIZE         =   ----    ----
END OF MODULE INFORMATION.


C51 COMPILATION COMPLETE.  0 WARNING(S),  0 ERROR(S)
